{"C:\\Users\\Usuario\\Documents\\GitHub\\P3_32057736\\app.js": {"path":"C:\\Users\\Usuario\\Documents\\GitHub\\P3_32057736\\app.js","statementMap":{"0":{"start":{"line":47,"column":0},"end":{"line":47,"column":27}},"1":{"start":{"line":48,"column":16},"end":{"line":48,"column":34}},"2":{"start":{"line":49,"column":18},"end":{"line":49,"column":47}},"3":{"start":{"line":50,"column":13},"end":{"line":50,"column":30}},"4":{"start":{"line":51,"column":13},"end":{"line":51,"column":28}},"5":{"start":{"line":52,"column":12},"end":{"line":52,"column":21}},"6":{"start":{"line":54,"column":24},"end":{"line":54,"column":71}},"7":{"start":{"line":57,"column":0},"end":{"line":57,"column":72}},"8":{"start":{"line":62,"column":0},"end":{"line":62,"column":24}},"9":{"start":{"line":65,"column":0},"end":{"line":65,"column":43}},"10":{"start":{"line":66,"column":0},"end":{"line":66,"column":45}},"11":{"start":{"line":67,"column":0},"end":{"line":67,"column":55}},"12":{"start":{"line":68,"column":0},"end":{"line":68,"column":51}},"13":{"start":{"line":69,"column":0},"end":{"line":69,"column":43}},"14":{"start":{"line":72,"column":0},"end":{"line":83,"column":1}},"15":{"start":{"line":73,"column":13},"end":{"line":73,"column":26}},"16":{"start":{"line":74,"column":22},"end":{"line":74,"column":38}},"17":{"start":{"line":75,"column":2},"end":{"line":80,"column":3}},"18":{"start":{"line":76,"column":28},"end":{"line":76,"column":50}},"19":{"start":{"line":77,"column":4},"end":{"line":77,"column":76}},"20":{"start":{"line":79,"column":4},"end":{"line":79,"column":62}},"21":{"start":{"line":82,"column":2},"end":{"line":82,"column":78}},"22":{"start":{"line":86,"column":0},"end":{"line":88,"column":3}},"23":{"start":{"line":87,"column":2},"end":{"line":87,"column":27}},"24":{"start":{"line":90,"column":0},"end":{"line":99,"column":3}},"25":{"start":{"line":91,"column":2},"end":{"line":98,"column":5}},"26":{"start":{"line":101,"column":0},"end":{"line":110,"column":3}},"27":{"start":{"line":102,"column":2},"end":{"line":109,"column":5}},"28":{"start":{"line":113,"column":0},"end":{"line":118,"column":3}},"29":{"start":{"line":114,"column":2},"end":{"line":117,"column":5}},"30":{"start":{"line":119,"column":0},"end":{"line":119,"column":21}}},"fnMap":{"0":{"name":"(anonymous_0)","decl":{"start":{"line":86,"column":17},"end":{"line":86,"column":18}},"loc":{"start":{"line":86,"column":31},"end":{"line":88,"column":1}},"line":86},"1":{"name":"(anonymous_1)","decl":{"start":{"line":90,"column":18},"end":{"line":90,"column":19}},"loc":{"start":{"line":90,"column":32},"end":{"line":99,"column":1}},"line":90},"2":{"name":"(anonymous_2)","decl":{"start":{"line":101,"column":19},"end":{"line":101,"column":20}},"loc":{"start":{"line":101,"column":33},"end":{"line":110,"column":1}},"line":101},"3":{"name":"(anonymous_3)","decl":{"start":{"line":113,"column":13},"end":{"line":113,"column":14}},"loc":{"start":{"line":113,"column":27},"end":{"line":118,"column":1}},"line":113}},"branchMap":{"0":{"loc":{"start":{"line":75,"column":2},"end":{"line":80,"column":3}},"type":"if","locations":[{"start":{"line":75,"column":2},"end":{"line":80,"column":3}},{"start":{"line":78,"column":9},"end":{"line":80,"column":3}}],"line":75},"1":{"loc":{"start":{"line":82,"column":54},"end":{"line":82,"column":76}},"type":"binary-expr","locations":[{"start":{"line":82,"column":54},"end":{"line":82,"column":67}},{"start":{"line":82,"column":71},"end":{"line":82,"column":76}}],"line":82}},"s":{"0":5,"1":5,"2":5,"3":5,"4":5,"5":5,"6":5,"7":5,"8":5,"9":5,"10":5,"11":5,"12":5,"13":5,"14":5,"15":5,"16":5,"17":5,"18":5,"19":5,"20":0,"21":0,"22":5,"23":2,"24":5,"25":2,"26":5,"27":0,"28":5,"29":1,"30":5},"f":{"0":2,"1":2,"2":0,"3":1},"b":{"0":[5,0],"1":[0,0]},"_coverageSchema":"1a1c01bbd47fc00a2c39e90264f33305004495a9","hash":"ed7f5dfa27018670c53a48eb4329a9fda1ba4405"}
,"C:\\Users\\Usuario\\Documents\\GitHub\\P3_32057736\\database.js": {"path":"C:\\Users\\Usuario\\Documents\\GitHub\\P3_32057736\\database.js","statementMap":{"0":{"start":{"line":2,"column":22},"end":{"line":2,"column":42}},"1":{"start":{"line":3,"column":15},"end":{"line":3,"column":34}},"2":{"start":{"line":5,"column":18},"end":{"line":9,"column":2}},"3":{"start":{"line":12,"column":13},"end":{"line":45,"column":2}},"4":{"start":{"line":37,"column":6},"end":{"line":37,"column":59}},"5":{"start":{"line":40,"column":6},"end":{"line":42,"column":7}},"6":{"start":{"line":41,"column":8},"end":{"line":41,"column":61}},"7":{"start":{"line":47,"column":0},"end":{"line":49,"column":2}},"8":{"start":{"line":48,"column":2},"end":{"line":48,"column":55}},"9":{"start":{"line":52,"column":21},"end":{"line":61,"column":1}},"10":{"start":{"line":53,"column":2},"end":{"line":60,"column":3}},"11":{"start":{"line":54,"column":4},"end":{"line":54,"column":27}},"12":{"start":{"line":55,"column":4},"end":{"line":57,"column":5}},"13":{"start":{"line":56,"column":6},"end":{"line":56,"column":56}},"14":{"start":{"line":59,"column":4},"end":{"line":59,"column":49}},"15":{"start":{"line":63,"column":0},"end":{"line":63,"column":51}}},"fnMap":{"0":{"name":"(anonymous_0)","decl":{"start":{"line":36,"column":18},"end":{"line":36,"column":19}},"loc":{"start":{"line":36,"column":34},"end":{"line":38,"column":5}},"line":36},"1":{"name":"(anonymous_1)","decl":{"start":{"line":39,"column":18},"end":{"line":39,"column":19}},"loc":{"start":{"line":39,"column":34},"end":{"line":43,"column":5}},"line":39},"2":{"name":"(anonymous_2)","decl":{"start":{"line":47,"column":34},"end":{"line":47,"column":35}},"loc":{"start":{"line":47,"column":59},"end":{"line":49,"column":1}},"line":47},"3":{"name":"(anonymous_3)","decl":{"start":{"line":52,"column":21},"end":{"line":52,"column":22}},"loc":{"start":{"line":52,"column":33},"end":{"line":61,"column":1}},"line":52}},"branchMap":{"0":{"loc":{"start":{"line":7,"column":11},"end":{"line":7,"column":82}},"type":"cond-expr","locations":[{"start":{"line":7,"column":45},"end":{"line":7,"column":60}},{"start":{"line":7,"column":63},"end":{"line":7,"column":82}}],"line":7},"1":{"loc":{"start":{"line":40,"column":6},"end":{"line":42,"column":7}},"type":"if","locations":[{"start":{"line":40,"column":6},"end":{"line":42,"column":7}},{"start":{},"end":{}}],"line":40},"2":{"loc":{"start":{"line":55,"column":4},"end":{"line":57,"column":5}},"type":"if","locations":[{"start":{"line":55,"column":4},"end":{"line":57,"column":5}},{"start":{},"end":{}}],"line":55}},"s":{"0":0,"1":0,"2":0,"3":0,"4":0,"5":0,"6":0,"7":0,"8":0,"9":0,"10":0,"11":0,"12":0,"13":0,"14":0,"15":0},"f":{"0":0,"1":0,"2":0,"3":0},"b":{"0":[0,0],"1":[0,0],"2":[0,0]}}
,"C:\\Users\\Usuario\\Documents\\GitHub\\P3_32057736\\config\\database.js": {"path":"C:\\Users\\Usuario\\Documents\\GitHub\\P3_32057736\\config\\database.js","statementMap":{"0":{"start":{"line":1,"column":13},"end":{"line":1,"column":28}},"1":{"start":{"line":2,"column":22},"end":{"line":2,"column":42}},"2":{"start":{"line":4,"column":0},"end":{"line":20,"column":2}},"3":{"start":{"line":24,"column":0},"end":{"line":38,"column":1}},"4":{"start":{"line":25,"column":14},"end":{"line":25,"column":51}},"5":{"start":{"line":26,"column":14},"end":{"line":26,"column":33}},"6":{"start":{"line":27,"column":20},"end":{"line":31,"column":4}},"7":{"start":{"line":34,"column":2},"end":{"line":34,"column":39}},"8":{"start":{"line":37,"column":2},"end":{"line":37,"column":97}}},"fnMap":{},"branchMap":{"0":{"loc":{"start":{"line":25,"column":14},"end":{"line":25,"column":51}},"type":"binary-expr","locations":[{"start":{"line":25,"column":14},"end":{"line":25,"column":34}},{"start":{"line":25,"column":38},"end":{"line":25,"column":51}}],"line":25},"1":{"loc":{"start":{"line":37,"column":77},"end":{"line":37,"column":95}},"type":"binary-expr","locations":[{"start":{"line":37,"column":77},"end":{"line":37,"column":88}},{"start":{"line":37,"column":92},"end":{"line":37,"column":95}}],"line":37}},"s":{"0":5,"1":5,"2":5,"3":5,"4":5,"5":5,"6":5,"7":5,"8":0},"f":{},"b":{"0":[5,0],"1":[0,0]},"_coverageSchema":"1a1c01bbd47fc00a2c39e90264f33305004495a9","hash":"775ac4065bd6b9871bd887d55a5447e9edcf6c77"}
,"C:\\Users\\Usuario\\Documents\\GitHub\\P3_32057736\\controllers\\authController.js": {"path":"C:\\Users\\Usuario\\Documents\\GitHub\\P3_32057736\\controllers\\authController.js","statementMap":{"0":{"start":{"line":1,"column":17},"end":{"line":1,"column":37}},"1":{"start":{"line":2,"column":15},"end":{"line":2,"column":34}},"2":{"start":{"line":3,"column":12},"end":{"line":3,"column":35}},"3":{"start":{"line":5,"column":23},"end":{"line":107,"column":1}},"4":{"start":{"line":7,"column":4},"end":{"line":55,"column":5}},"5":{"start":{"line":8,"column":79},"end":{"line":8,"column":87}},"6":{"start":{"line":9,"column":23},"end":{"line":9,"column":45}},"7":{"start":{"line":12,"column":27},"end":{"line":12,"column":67}},"8":{"start":{"line":13,"column":6},"end":{"line":18,"column":7}},"9":{"start":{"line":14,"column":8},"end":{"line":17,"column":11}},"10":{"start":{"line":21,"column":19},"end":{"line":28,"column":8}},"11":{"start":{"line":31,"column":20},"end":{"line":35,"column":7}},"12":{"start":{"line":37,"column":6},"end":{"line":48,"column":9}},"13":{"start":{"line":50,"column":6},"end":{"line":50,"column":46}},"14":{"start":{"line":51,"column":6},"end":{"line":54,"column":9}},"15":{"start":{"line":59,"column":4},"end":{"line":105,"column":5}},"16":{"start":{"line":60,"column":34},"end":{"line":60,"column":42}},"17":{"start":{"line":63,"column":19},"end":{"line":63,"column":59}},"18":{"start":{"line":64,"column":6},"end":{"line":69,"column":7}},"19":{"start":{"line":65,"column":8},"end":{"line":68,"column":11}},"20":{"start":{"line":72,"column":28},"end":{"line":72,"column":73}},"21":{"start":{"line":73,"column":6},"end":{"line":78,"column":7}},"22":{"start":{"line":74,"column":8},"end":{"line":77,"column":11}},"23":{"start":{"line":81,"column":20},"end":{"line":85,"column":7}},"24":{"start":{"line":87,"column":6},"end":{"line":98,"column":9}},"25":{"start":{"line":100,"column":6},"end":{"line":100,"column":43}},"26":{"start":{"line":101,"column":6},"end":{"line":104,"column":9}},"27":{"start":{"line":109,"column":0},"end":{"line":109,"column":32}}},"fnMap":{"0":{"name":"(anonymous_0)","decl":{"start":{"line":6,"column":12},"end":{"line":6,"column":13}},"loc":{"start":{"line":6,"column":32},"end":{"line":56,"column":3}},"line":6},"1":{"name":"(anonymous_1)","decl":{"start":{"line":58,"column":9},"end":{"line":58,"column":10}},"loc":{"start":{"line":58,"column":29},"end":{"line":106,"column":3}},"line":58}},"branchMap":{"0":{"loc":{"start":{"line":9,"column":23},"end":{"line":9,"column":45}},"type":"binary-expr","locations":[{"start":{"line":9,"column":23},"end":{"line":9,"column":37}},{"start":{"line":9,"column":41},"end":{"line":9,"column":45}}],"line":9},"1":{"loc":{"start":{"line":13,"column":6},"end":{"line":18,"column":7}},"type":"if","locations":[{"start":{"line":13,"column":6},"end":{"line":18,"column":7}},{"start":{},"end":{}}],"line":13},"2":{"loc":{"start":{"line":25,"column":16},"end":{"line":25,"column":30}},"type":"binary-expr","locations":[{"start":{"line":25,"column":16},"end":{"line":25,"column":22}},{"start":{"line":25,"column":26},"end":{"line":25,"column":30}}],"line":25},"3":{"loc":{"start":{"line":26,"column":17},"end":{"line":26,"column":32}},"type":"binary-expr","locations":[{"start":{"line":26,"column":17},"end":{"line":26,"column":24}},{"start":{"line":26,"column":28},"end":{"line":26,"column":32}}],"line":26},"4":{"loc":{"start":{"line":27,"column":14},"end":{"line":27,"column":28}},"type":"binary-expr","locations":[{"start":{"line":27,"column":14},"end":{"line":27,"column":18}},{"start":{"line":27,"column":22},"end":{"line":27,"column":28}}],"line":27},"5":{"loc":{"start":{"line":33,"column":8},"end":{"line":33,"column":47}},"type":"binary-expr","locations":[{"start":{"line":33,"column":8},"end":{"line":33,"column":30}},{"start":{"line":33,"column":34},"end":{"line":33,"column":47}}],"line":33},"6":{"loc":{"start":{"line":64,"column":6},"end":{"line":69,"column":7}},"type":"if","locations":[{"start":{"line":64,"column":6},"end":{"line":69,"column":7}},{"start":{},"end":{}}],"line":64},"7":{"loc":{"start":{"line":73,"column":6},"end":{"line":78,"column":7}},"type":"if","locations":[{"start":{"line":73,"column":6},"end":{"line":78,"column":7}},{"start":{},"end":{}}],"line":73},"8":{"loc":{"start":{"line":83,"column":8},"end":{"line":83,"column":47}},"type":"binary-expr","locations":[{"start":{"line":83,"column":8},"end":{"line":83,"column":30}},{"start":{"line":83,"column":34},"end":{"line":83,"column":47}}],"line":83}},"s":{"0":5,"1":5,"2":5,"3":5,"4":1,"5":1,"6":1,"7":1,"8":1,"9":0,"10":1,"11":1,"12":1,"13":0,"14":0,"15":0,"16":0,"17":0,"18":0,"19":0,"20":0,"21":0,"22":0,"23":0,"24":0,"25":0,"26":0,"27":5},"f":{"0":1,"1":0},"b":{"0":[1,0],"1":[0,1],"2":[1,0],"3":[1,0],"4":[1,1],"5":[1,0],"6":[0,0],"7":[0,0],"8":[0,0]},"_coverageSchema":"1a1c01bbd47fc00a2c39e90264f33305004495a9","hash":"22d8e9b4e6eb3a637d3a5f10822d56d03ffe07a6"}
,"C:\\Users\\Usuario\\Documents\\GitHub\\P3_32057736\\controllers\\categoryController.js": {"path":"C:\\Users\\Usuario\\Documents\\GitHub\\P3_32057736\\controllers\\categoryController.js","statementMap":{"0":{"start":{"line":1,"column":21},"end":{"line":1,"column":41}},"1":{"start":{"line":3,"column":27},"end":{"line":46,"column":1}},"2":{"start":{"line":5,"column":4},"end":{"line":16,"column":5}},"3":{"start":{"line":6,"column":25},"end":{"line":6,"column":49}},"4":{"start":{"line":7,"column":6},"end":{"line":10,"column":9}},"5":{"start":{"line":12,"column":6},"end":{"line":15,"column":9}},"6":{"start":{"line":20,"column":4},"end":{"line":44,"column":5}},"7":{"start":{"line":21,"column":36},"end":{"line":21,"column":44}},"8":{"start":{"line":23,"column":6},"end":{"line":28,"column":7}},"9":{"start":{"line":24,"column":8},"end":{"line":27,"column":11}},"10":{"start":{"line":30,"column":23},"end":{"line":33,"column":8}},"11":{"start":{"line":35,"column":6},"end":{"line":38,"column":9}},"12":{"start":{"line":40,"column":6},"end":{"line":43,"column":9}},"13":{"start":{"line":48,"column":0},"end":{"line":48,"column":36}}},"fnMap":{"0":{"name":"(anonymous_0)","decl":{"start":{"line":4,"column":10},"end":{"line":4,"column":11}},"loc":{"start":{"line":4,"column":30},"end":{"line":17,"column":3}},"line":4},"1":{"name":"(anonymous_1)","decl":{"start":{"line":19,"column":10},"end":{"line":19,"column":11}},"loc":{"start":{"line":19,"column":30},"end":{"line":45,"column":3}},"line":19}},"branchMap":{"0":{"loc":{"start":{"line":9,"column":14},"end":{"line":9,"column":30}},"type":"binary-expr","locations":[{"start":{"line":9,"column":14},"end":{"line":9,"column":24}},{"start":{"line":9,"column":28},"end":{"line":9,"column":30}}],"line":9},"1":{"loc":{"start":{"line":23,"column":6},"end":{"line":28,"column":7}},"type":"if","locations":[{"start":{"line":23,"column":6},"end":{"line":28,"column":7}},{"start":{},"end":{}}],"line":23},"2":{"loc":{"start":{"line":32,"column":21},"end":{"line":32,"column":38}},"type":"binary-expr","locations":[{"start":{"line":32,"column":21},"end":{"line":32,"column":32}},{"start":{"line":32,"column":36},"end":{"line":32,"column":38}}],"line":32}},"s":{"0":5,"1":5,"2":1,"3":1,"4":1,"5":0,"6":0,"7":0,"8":0,"9":0,"10":0,"11":0,"12":0,"13":5},"f":{"0":1,"1":0},"b":{"0":[1,0],"1":[0,0],"2":[0,0]},"_coverageSchema":"1a1c01bbd47fc00a2c39e90264f33305004495a9","hash":"1abe51827c30365ef47e3b492cc29763c85a6ace"}
,"C:\\Users\\Usuario\\Documents\\GitHub\\P3_32057736\\controllers\\productController.js": {"path":"C:\\Users\\Usuario\\Documents\\GitHub\\P3_32057736\\controllers\\productController.js","statementMap":{"0":{"start":{"line":1,"column":35},"end":{"line":1,"column":55}},"1":{"start":{"line":3,"column":26},"end":{"line":80,"column":1}},"2":{"start":{"line":5,"column":4},"end":{"line":28,"column":5}},"3":{"start":{"line":6,"column":23},"end":{"line":11,"column":8}},"4":{"start":{"line":13,"column":6},"end":{"line":22,"column":9}},"5":{"start":{"line":24,"column":6},"end":{"line":27,"column":9}},"6":{"start":{"line":32,"column":4},"end":{"line":57,"column":5}},"7":{"start":{"line":33,"column":21},"end":{"line":33,"column":31}},"8":{"start":{"line":34,"column":22},"end":{"line":39,"column":8}},"9":{"start":{"line":41,"column":6},"end":{"line":46,"column":7}},"10":{"start":{"line":42,"column":8},"end":{"line":45,"column":11}},"11":{"start":{"line":48,"column":6},"end":{"line":51,"column":9}},"12":{"start":{"line":53,"column":6},"end":{"line":56,"column":9}},"13":{"start":{"line":61,"column":4},"end":{"line":78,"column":5}},"14":{"start":{"line":63,"column":6},"end":{"line":72,"column":9}},"15":{"start":{"line":74,"column":6},"end":{"line":77,"column":9}},"16":{"start":{"line":82,"column":0},"end":{"line":82,"column":35}}},"fnMap":{"0":{"name":"(anonymous_0)","decl":{"start":{"line":4,"column":10},"end":{"line":4,"column":11}},"loc":{"start":{"line":4,"column":30},"end":{"line":29,"column":3}},"line":4},"1":{"name":"(anonymous_1)","decl":{"start":{"line":31,"column":13},"end":{"line":31,"column":14}},"loc":{"start":{"line":31,"column":33},"end":{"line":58,"column":3}},"line":31},"2":{"name":"(anonymous_2)","decl":{"start":{"line":60,"column":10},"end":{"line":60,"column":11}},"loc":{"start":{"line":60,"column":30},"end":{"line":79,"column":3}},"line":60}},"branchMap":{"0":{"loc":{"start":{"line":15,"column":14},"end":{"line":15,"column":28}},"type":"binary-expr","locations":[{"start":{"line":15,"column":14},"end":{"line":15,"column":22}},{"start":{"line":15,"column":26},"end":{"line":15,"column":28}}],"line":15},"1":{"loc":{"start":{"line":17,"column":17},"end":{"line":17,"column":47}},"type":"cond-expr","locations":[{"start":{"line":17,"column":28},"end":{"line":17,"column":43}},{"start":{"line":17,"column":46},"end":{"line":17,"column":47}}],"line":17},"2":{"loc":{"start":{"line":41,"column":6},"end":{"line":46,"column":7}},"type":"if","locations":[{"start":{"line":41,"column":6},"end":{"line":46,"column":7}},{"start":{},"end":{}}],"line":41}},"s":{"0":5,"1":5,"2":1,"3":1,"4":1,"5":0,"6":0,"7":0,"8":0,"9":0,"10":0,"11":0,"12":0,"13":0,"14":0,"15":0,"16":5},"f":{"0":1,"1":0,"2":0},"b":{"0":[1,0],"1":[1,0],"2":[0,0]},"_coverageSchema":"1a1c01bbd47fc00a2c39e90264f33305004495a9","hash":"bf40633b27d7df37ca3f6b6523e74a44f17d7a86"}
,"C:\\Users\\Usuario\\Documents\\GitHub\\P3_32057736\\controllers\\tagController.js": {"path":"C:\\Users\\Usuario\\Documents\\GitHub\\P3_32057736\\controllers\\tagController.js","statementMap":{"0":{"start":{"line":1,"column":16},"end":{"line":1,"column":36}},"1":{"start":{"line":3,"column":22},"end":{"line":18,"column":1}},"2":{"start":{"line":5,"column":4},"end":{"line":16,"column":5}},"3":{"start":{"line":6,"column":19},"end":{"line":6,"column":38}},"4":{"start":{"line":7,"column":6},"end":{"line":10,"column":9}},"5":{"start":{"line":12,"column":6},"end":{"line":15,"column":9}},"6":{"start":{"line":20,"column":0},"end":{"line":20,"column":31}}},"fnMap":{"0":{"name":"(anonymous_0)","decl":{"start":{"line":4,"column":10},"end":{"line":4,"column":11}},"loc":{"start":{"line":4,"column":30},"end":{"line":17,"column":3}},"line":4}},"branchMap":{},"s":{"0":5,"1":5,"2":0,"3":0,"4":0,"5":0,"6":5},"f":{"0":0},"b":{},"_coverageSchema":"1a1c01bbd47fc00a2c39e90264f33305004495a9","hash":"015c16c7c9dbe13d6329cee2824d5de2a7fe24ef"}
,"C:\\Users\\Usuario\\Documents\\GitHub\\P3_32057736\\controllers\\userController.js": {"path":"C:\\Users\\Usuario\\Documents\\GitHub\\P3_32057736\\controllers\\userController.js","statementMap":{"0":{"start":{"line":1,"column":17},"end":{"line":1,"column":37}},"1":{"start":{"line":3,"column":23},"end":{"line":128,"column":1}},"2":{"start":{"line":5,"column":4},"end":{"line":18,"column":5}},"3":{"start":{"line":6,"column":20},"end":{"line":8,"column":8}},"4":{"start":{"line":9,"column":6},"end":{"line":12,"column":9}},"5":{"start":{"line":14,"column":6},"end":{"line":17,"column":9}},"6":{"start":{"line":22,"column":4},"end":{"line":42,"column":5}},"7":{"start":{"line":23,"column":67},"end":{"line":23,"column":75}},"8":{"start":{"line":25,"column":6},"end":{"line":30,"column":7}},"9":{"start":{"line":26,"column":8},"end":{"line":29,"column":11}},"10":{"start":{"line":32,"column":27},"end":{"line":32,"column":67}},"11":{"start":{"line":33,"column":6},"end":{"line":35,"column":7}},"12":{"start":{"line":34,"column":8},"end":{"line":34,"column":94}},"13":{"start":{"line":37,"column":19},"end":{"line":37,"column":90}},"14":{"start":{"line":39,"column":6},"end":{"line":39,"column":71}},"15":{"start":{"line":41,"column":6},"end":{"line":41,"column":72}},"16":{"start":{"line":46,"column":4},"end":{"line":68,"column":5}},"17":{"start":{"line":47,"column":21},"end":{"line":47,"column":31}},"18":{"start":{"line":48,"column":19},"end":{"line":50,"column":8}},"19":{"start":{"line":52,"column":6},"end":{"line":57,"column":7}},"20":{"start":{"line":53,"column":8},"end":{"line":56,"column":11}},"21":{"start":{"line":59,"column":6},"end":{"line":62,"column":9}},"22":{"start":{"line":64,"column":6},"end":{"line":67,"column":9}},"23":{"start":{"line":72,"column":4},"end":{"line":100,"column":5}},"24":{"start":{"line":73,"column":21},"end":{"line":73,"column":31}},"25":{"start":{"line":74,"column":30},"end":{"line":74,"column":38}},"26":{"start":{"line":76,"column":19},"end":{"line":76,"column":42}},"27":{"start":{"line":77,"column":6},"end":{"line":82,"column":7}},"28":{"start":{"line":78,"column":8},"end":{"line":81,"column":11}},"29":{"start":{"line":84,"column":6},"end":{"line":84,"column":41}},"30":{"start":{"line":86,"column":6},"end":{"line":94,"column":9}},"31":{"start":{"line":96,"column":6},"end":{"line":99,"column":9}},"32":{"start":{"line":104,"column":4},"end":{"line":126,"column":5}},"33":{"start":{"line":105,"column":21},"end":{"line":105,"column":31}},"34":{"start":{"line":106,"column":19},"end":{"line":106,"column":42}},"35":{"start":{"line":108,"column":6},"end":{"line":113,"column":7}},"36":{"start":{"line":109,"column":8},"end":{"line":112,"column":11}},"37":{"start":{"line":115,"column":6},"end":{"line":115,"column":27}},"38":{"start":{"line":117,"column":6},"end":{"line":120,"column":9}},"39":{"start":{"line":122,"column":6},"end":{"line":125,"column":9}},"40":{"start":{"line":130,"column":0},"end":{"line":130,"column":32}}},"fnMap":{"0":{"name":"(anonymous_0)","decl":{"start":{"line":4,"column":15},"end":{"line":4,"column":16}},"loc":{"start":{"line":4,"column":35},"end":{"line":19,"column":3}},"line":4},"1":{"name":"(anonymous_1)","decl":{"start":{"line":21,"column":14},"end":{"line":21,"column":15}},"loc":{"start":{"line":21,"column":34},"end":{"line":43,"column":3}},"line":21},"2":{"name":"(anonymous_2)","decl":{"start":{"line":45,"column":15},"end":{"line":45,"column":16}},"loc":{"start":{"line":45,"column":35},"end":{"line":69,"column":3}},"line":45},"3":{"name":"(anonymous_3)","decl":{"start":{"line":71,"column":14},"end":{"line":71,"column":15}},"loc":{"start":{"line":71,"column":34},"end":{"line":101,"column":3}},"line":71},"4":{"name":"(anonymous_4)","decl":{"start":{"line":103,"column":14},"end":{"line":103,"column":15}},"loc":{"start":{"line":103,"column":34},"end":{"line":127,"column":3}},"line":103}},"branchMap":{"0":{"loc":{"start":{"line":25,"column":6},"end":{"line":30,"column":7}},"type":"if","locations":[{"start":{"line":25,"column":6},"end":{"line":30,"column":7}},{"start":{},"end":{}}],"line":25},"1":{"loc":{"start":{"line":25,"column":10},"end":{"line":25,"column":48}},"type":"binary-expr","locations":[{"start":{"line":25,"column":10},"end":{"line":25,"column":25}},{"start":{"line":25,"column":29},"end":{"line":25,"column":35}},{"start":{"line":25,"column":39},"end":{"line":25,"column":48}}],"line":25},"2":{"loc":{"start":{"line":33,"column":6},"end":{"line":35,"column":7}},"type":"if","locations":[{"start":{"line":33,"column":6},"end":{"line":35,"column":7}},{"start":{},"end":{}}],"line":33},"3":{"loc":{"start":{"line":52,"column":6},"end":{"line":57,"column":7}},"type":"if","locations":[{"start":{"line":52,"column":6},"end":{"line":57,"column":7}},{"start":{},"end":{}}],"line":52},"4":{"loc":{"start":{"line":77,"column":6},"end":{"line":82,"column":7}},"type":"if","locations":[{"start":{"line":77,"column":6},"end":{"line":82,"column":7}},{"start":{},"end":{}}],"line":77},"5":{"loc":{"start":{"line":108,"column":6},"end":{"line":113,"column":7}},"type":"if","locations":[{"start":{"line":108,"column":6},"end":{"line":113,"column":7}},{"start":{},"end":{}}],"line":108}},"s":{"0":5,"1":5,"2":1,"3":1,"4":1,"5":0,"6":1,"7":1,"8":1,"9":0,"10":1,"11":1,"12":0,"13":1,"14":1,"15":0,"16":0,"17":0,"18":0,"19":0,"20":0,"21":0,"22":0,"23":0,"24":0,"25":0,"26":0,"27":0,"28":0,"29":0,"30":0,"31":0,"32":0,"33":0,"34":0,"35":0,"36":0,"37":0,"38":0,"39":0,"40":5},"f":{"0":1,"1":1,"2":0,"3":0,"4":0},"b":{"0":[0,1],"1":[1,1,1],"2":[0,1],"3":[0,0],"4":[0,0],"5":[0,0]},"_coverageSchema":"1a1c01bbd47fc00a2c39e90264f33305004495a9","hash":"c2ff23d9c273166e2e4808d3f415a2a0cb142c8f"}
,"C:\\Users\\Usuario\\Documents\\GitHub\\P3_32057736\\middleware\\auth.js": {"path":"C:\\Users\\Usuario\\Documents\\GitHub\\P3_32057736\\middleware\\auth.js","statementMap":{"0":{"start":{"line":1,"column":12},"end":{"line":1,"column":35}},"1":{"start":{"line":2,"column":17},"end":{"line":2,"column":37}},"2":{"start":{"line":4,"column":13},"end":{"line":35,"column":1}},"3":{"start":{"line":5,"column":2},"end":{"line":34,"column":3}},"4":{"start":{"line":6,"column":23},"end":{"line":6,"column":50}},"5":{"start":{"line":8,"column":4},"end":{"line":13,"column":5}},"6":{"start":{"line":9,"column":6},"end":{"line":12,"column":9}},"7":{"start":{"line":15,"column":18},"end":{"line":15,"column":51}},"8":{"start":{"line":16,"column":20},"end":{"line":16,"column":78}},"9":{"start":{"line":17,"column":17},"end":{"line":17,"column":52}},"10":{"start":{"line":19,"column":4},"end":{"line":24,"column":5}},"11":{"start":{"line":20,"column":6},"end":{"line":23,"column":9}},"12":{"start":{"line":26,"column":4},"end":{"line":26,"column":20}},"13":{"start":{"line":27,"column":4},"end":{"line":27,"column":11}},"14":{"start":{"line":29,"column":4},"end":{"line":29,"column":51}},"15":{"start":{"line":30,"column":4},"end":{"line":33,"column":7}},"16":{"start":{"line":37,"column":0},"end":{"line":37,"column":22}}},"fnMap":{"0":{"name":"(anonymous_0)","decl":{"start":{"line":4,"column":13},"end":{"line":4,"column":14}},"loc":{"start":{"line":4,"column":39},"end":{"line":35,"column":1}},"line":4}},"branchMap":{"0":{"loc":{"start":{"line":8,"column":4},"end":{"line":13,"column":5}},"type":"if","locations":[{"start":{"line":8,"column":4},"end":{"line":13,"column":5}},{"start":{},"end":{}}],"line":8},"1":{"loc":{"start":{"line":8,"column":8},"end":{"line":8,"column":56}},"type":"binary-expr","locations":[{"start":{"line":8,"column":8},"end":{"line":8,"column":19}},{"start":{"line":8,"column":23},"end":{"line":8,"column":56}}],"line":8},"2":{"loc":{"start":{"line":16,"column":38},"end":{"line":16,"column":77}},"type":"binary-expr","locations":[{"start":{"line":16,"column":38},"end":{"line":16,"column":60}},{"start":{"line":16,"column":64},"end":{"line":16,"column":77}}],"line":16},"3":{"loc":{"start":{"line":19,"column":4},"end":{"line":24,"column":5}},"type":"if","locations":[{"start":{"line":19,"column":4},"end":{"line":24,"column":5}},{"start":{},"end":{}}],"line":19}},"s":{"0":5,"1":5,"2":5,"3":6,"4":6,"5":6,"6":3,"7":3,"8":3,"9":3,"10":3,"11":0,"12":3,"13":3,"14":0,"15":0,"16":5},"f":{"0":6},"b":{"0":[3,3],"1":[6,3],"2":[3,0],"3":[0,3]},"_coverageSchema":"1a1c01bbd47fc00a2c39e90264f33305004495a9","hash":"8b79eabbbf21a4974a21b69271e2f9743302f437"}
,"C:\\Users\\Usuario\\Documents\\GitHub\\P3_32057736\\models\\Category.js": {"path":"C:\\Users\\Usuario\\Documents\\GitHub\\P3_32057736\\models\\Category.js","statementMap":{"0":{"start":{"line":1,"column":22},"end":{"line":1,"column":42}},"1":{"start":{"line":3,"column":0},"end":{"line":24,"column":2}},"2":{"start":{"line":4,"column":19},"end":{"line":21,"column":4}},"3":{"start":{"line":23,"column":2},"end":{"line":23,"column":18}}},"fnMap":{"0":{"name":"(anonymous_0)","decl":{"start":{"line":3,"column":17},"end":{"line":3,"column":18}},"loc":{"start":{"line":3,"column":32},"end":{"line":24,"column":1}},"line":3}},"branchMap":{},"s":{"0":5,"1":5,"2":5,"3":5},"f":{"0":5},"b":{},"_coverageSchema":"1a1c01bbd47fc00a2c39e90264f33305004495a9","hash":"9bb21a617d41a565ce591ac7370d62e184aa81c0"}
,"C:\\Users\\Usuario\\Documents\\GitHub\\P3_32057736\\models\\Product.js": {"path":"C:\\Users\\Usuario\\Documents\\GitHub\\P3_32057736\\models\\Product.js","statementMap":{"0":{"start":{"line":1,"column":22},"end":{"line":1,"column":42}},"1":{"start":{"line":3,"column":0},"end":{"line":44,"column":2}},"2":{"start":{"line":4,"column":18},"end":{"line":41,"column":4}},"3":{"start":{"line":43,"column":2},"end":{"line":43,"column":17}}},"fnMap":{"0":{"name":"(anonymous_0)","decl":{"start":{"line":3,"column":17},"end":{"line":3,"column":18}},"loc":{"start":{"line":3,"column":32},"end":{"line":44,"column":1}},"line":3}},"branchMap":{},"s":{"0":5,"1":5,"2":5,"3":5},"f":{"0":5},"b":{},"_coverageSchema":"1a1c01bbd47fc00a2c39e90264f33305004495a9","hash":"7b7f5f1f4f7c73ec53b55c156580865c593828d1"}
,"C:\\Users\\Usuario\\Documents\\GitHub\\P3_32057736\\models\\Tag.js": {"path":"C:\\Users\\Usuario\\Documents\\GitHub\\P3_32057736\\models\\Tag.js","statementMap":{"0":{"start":{"line":1,"column":22},"end":{"line":1,"column":42}},"1":{"start":{"line":3,"column":0},"end":{"line":21,"column":2}},"2":{"start":{"line":4,"column":14},"end":{"line":18,"column":4}},"3":{"start":{"line":20,"column":2},"end":{"line":20,"column":13}}},"fnMap":{"0":{"name":"(anonymous_0)","decl":{"start":{"line":3,"column":17},"end":{"line":3,"column":18}},"loc":{"start":{"line":3,"column":32},"end":{"line":21,"column":1}},"line":3}},"branchMap":{},"s":{"0":5,"1":5,"2":5,"3":5},"f":{"0":5},"b":{},"_coverageSchema":"1a1c01bbd47fc00a2c39e90264f33305004495a9","hash":"3bb6b9391ea33f61099894d1328a5cb02316ac67"}
,"C:\\Users\\Usuario\\Documents\\GitHub\\P3_32057736\\models\\User.js": {"path":"C:\\Users\\Usuario\\Documents\\GitHub\\P3_32057736\\models\\User.js","statementMap":{"0":{"start":{"line":1,"column":22},"end":{"line":1,"column":42}},"1":{"start":{"line":2,"column":15},"end":{"line":2,"column":34}},"2":{"start":{"line":4,"column":0},"end":{"line":85,"column":2}},"3":{"start":{"line":5,"column":15},"end":{"line":72,"column":4}},"4":{"start":{"line":11,"column":8},"end":{"line":11,"column":51}},"5":{"start":{"line":12,"column":8},"end":{"line":12,"column":41}},"6":{"start":{"line":15,"column":8},"end":{"line":15,"column":51}},"7":{"start":{"line":57,"column":26},"end":{"line":57,"column":88}},"8":{"start":{"line":58,"column":8},"end":{"line":60,"column":9}},"9":{"start":{"line":59,"column":10},"end":{"line":59,"column":42}},"10":{"start":{"line":64,"column":8},"end":{"line":64,"column":61}},"11":{"start":{"line":67,"column":8},"end":{"line":69,"column":9}},"12":{"start":{"line":68,"column":10},"end":{"line":68,"column":63}},"13":{"start":{"line":74,"column":2},"end":{"line":76,"column":4}},"14":{"start":{"line":75,"column":4},"end":{"line":75,"column":57}},"15":{"start":{"line":78,"column":2},"end":{"line":82,"column":4}},"16":{"start":{"line":79,"column":19},"end":{"line":79,"column":36}},"17":{"start":{"line":80,"column":4},"end":{"line":80,"column":27}},"18":{"start":{"line":81,"column":4},"end":{"line":81,"column":18}},"19":{"start":{"line":84,"column":2},"end":{"line":84,"column":14}}},"fnMap":{"0":{"name":"(anonymous_0)","decl":{"start":{"line":4,"column":17},"end":{"line":4,"column":18}},"loc":{"start":{"line":4,"column":32},"end":{"line":85,"column":1}},"line":4},"1":{"name":"(anonymous_1)","decl":{"start":{"line":9,"column":6},"end":{"line":9,"column":7}},"loc":{"start":{"line":9,"column":17},"end":{"line":13,"column":7}},"line":9},"2":{"name":"(anonymous_2)","decl":{"start":{"line":14,"column":6},"end":{"line":14,"column":7}},"loc":{"start":{"line":14,"column":12},"end":{"line":16,"column":7}},"line":14},"3":{"name":"(anonymous_3)","decl":{"start":{"line":54,"column":22},"end":{"line":54,"column":23}},"loc":{"start":{"line":54,"column":32},"end":{"line":62,"column":7}},"line":54},"4":{"name":"(anonymous_4)","decl":{"start":{"line":63,"column":20},"end":{"line":63,"column":21}},"loc":{"start":{"line":63,"column":36},"end":{"line":65,"column":7}},"line":63},"5":{"name":"(anonymous_5)","decl":{"start":{"line":66,"column":20},"end":{"line":66,"column":21}},"loc":{"start":{"line":66,"column":36},"end":{"line":70,"column":7}},"line":66},"6":{"name":"(anonymous_6)","decl":{"start":{"line":74,"column":36},"end":{"line":74,"column":37}},"loc":{"start":{"line":74,"column":61},"end":{"line":76,"column":3}},"line":74},"7":{"name":"(anonymous_7)","decl":{"start":{"line":78,"column":26},"end":{"line":78,"column":27}},"loc":{"start":{"line":78,"column":37},"end":{"line":82,"column":3}},"line":78}},"branchMap":{"0":{"loc":{"start":{"line":57,"column":26},"end":{"line":57,"column":88}},"type":"binary-expr","locations":[{"start":{"line":57,"column":27},"end":{"line":57,"column":31}},{"start":{"line":57,"column":35},"end":{"line":57,"column":50}},{"start":{"line":57,"column":54},"end":{"line":57,"column":74}},{"start":{"line":57,"column":79},"end":{"line":57,"column":88}}],"line":57},"1":{"loc":{"start":{"line":58,"column":8},"end":{"line":60,"column":9}},"type":"if","locations":[{"start":{"line":58,"column":8},"end":{"line":60,"column":9}},{"start":{},"end":{}}],"line":58},"2":{"loc":{"start":{"line":58,"column":12},"end":{"line":58,"column":45}},"type":"binary-expr","locations":[{"start":{"line":58,"column":12},"end":{"line":58,"column":21}},{"start":{"line":58,"column":25},"end":{"line":58,"column":45}}],"line":58},"3":{"loc":{"start":{"line":67,"column":8},"end":{"line":69,"column":9}},"type":"if","locations":[{"start":{"line":67,"column":8},"end":{"line":69,"column":9}},{"start":{},"end":{}}],"line":67}},"s":{"0":5,"1":5,"2":5,"3":5,"4":1,"5":1,"6":5,"7":4,"8":4,"9":0,"10":4,"11":0,"12":0,"13":5,"14":0,"15":5,"16":2,"17":2,"18":2,"19":5},"f":{"0":5,"1":1,"2":5,"3":4,"4":4,"5":0,"6":0,"7":2},"b":{"0":[4,4,4,3],"1":[0,4],"2":[4,4],"3":[0,0]},"_coverageSchema":"1a1c01bbd47fc00a2c39e90264f33305004495a9","hash":"276f1cb5c93c565dda7669543fa73112d286eef7"}
,"C:\\Users\\Usuario\\Documents\\GitHub\\P3_32057736\\models\\index.js": {"path":"C:\\Users\\Usuario\\Documents\\GitHub\\P3_32057736\\models\\index.js","statementMap":{"0":{"start":{"line":1,"column":22},"end":{"line":1,"column":42}},"1":{"start":{"line":2,"column":15},"end":{"line":2,"column":44}},"2":{"start":{"line":5,"column":12},"end":{"line":5,"column":49}},"3":{"start":{"line":7,"column":0},"end":{"line":16,"column":1}},"4":{"start":{"line":8,"column":2},"end":{"line":8,"column":31}},"5":{"start":{"line":10,"column":19},"end":{"line":10,"column":30}},"6":{"start":{"line":11,"column":2},"end":{"line":15,"column":5}},"7":{"start":{"line":18,"column":11},"end":{"line":18,"column":13}},"8":{"start":{"line":20,"column":0},"end":{"line":20,"column":25}},"9":{"start":{"line":21,"column":0},"end":{"line":21,"column":25}},"10":{"start":{"line":24,"column":0},"end":{"line":24,"column":60}},"11":{"start":{"line":25,"column":0},"end":{"line":25,"column":68}},"12":{"start":{"line":26,"column":0},"end":{"line":26,"column":58}},"13":{"start":{"line":27,"column":0},"end":{"line":27,"column":66}},"14":{"start":{"line":30,"column":0},"end":{"line":33,"column":3}},"15":{"start":{"line":34,"column":0},"end":{"line":37,"column":3}},"16":{"start":{"line":39,"column":0},"end":{"line":44,"column":3}},"17":{"start":{"line":45,"column":0},"end":{"line":50,"column":3}},"18":{"start":{"line":52,"column":0},"end":{"line":52,"column":20}}},"fnMap":{},"branchMap":{"0":{"loc":{"start":{"line":5,"column":12},"end":{"line":5,"column":49}},"type":"binary-expr","locations":[{"start":{"line":5,"column":12},"end":{"line":5,"column":32}},{"start":{"line":5,"column":36},"end":{"line":5,"column":49}}],"line":5},"1":{"loc":{"start":{"line":7,"column":0},"end":{"line":16,"column":1}},"type":"if","locations":[{"start":{"line":7,"column":0},"end":{"line":16,"column":1}},{"start":{"line":9,"column":7},"end":{"line":16,"column":1}}],"line":7},"2":{"loc":{"start":{"line":7,"column":4},"end":{"line":7,"column":30}},"type":"binary-expr","locations":[{"start":{"line":7,"column":4},"end":{"line":7,"column":10}},{"start":{"line":7,"column":14},"end":{"line":7,"column":30}}],"line":7}},"s":{"0":5,"1":5,"2":5,"3":5,"4":5,"5":0,"6":0,"7":5,"8":5,"9":5,"10":5,"11":5,"12":5,"13":5,"14":5,"15":5,"16":5,"17":5,"18":5},"f":{},"b":{"0":[5,0],"1":[5,0],"2":[5,5]},"_coverageSchema":"1a1c01bbd47fc00a2c39e90264f33305004495a9","hash":"8a0f3a84eee82abe95aaf27210e3d255b99fc457"}
,"C:\\Users\\Usuario\\Documents\\GitHub\\P3_32057736\\models\\init.js": {"path":"C:\\Users\\Usuario\\Documents\\GitHub\\P3_32057736\\models\\init.js","statementMap":{"0":{"start":{"line":1,"column":22},"end":{"line":1,"column":51}},"1":{"start":{"line":2,"column":13},"end":{"line":2,"column":30}},"2":{"start":{"line":5,"column":2},"end":{"line":49,"column":3}},"3":{"start":{"line":6,"column":4},"end":{"line":8,"column":5}},"4":{"start":{"line":7,"column":6},"end":{"line":7,"column":55}},"5":{"start":{"line":11,"column":4},"end":{"line":11,"column":35}},"6":{"start":{"line":13,"column":4},"end":{"line":15,"column":5}},"7":{"start":{"line":14,"column":6},"end":{"line":14,"column":78}},"8":{"start":{"line":18,"column":4},"end":{"line":21,"column":7}},"9":{"start":{"line":23,"column":4},"end":{"line":25,"column":5}},"10":{"start":{"line":24,"column":6},"end":{"line":24,"column":67}},"11":{"start":{"line":28,"column":4},"end":{"line":44,"column":5}},"12":{"start":{"line":29,"column":6},"end":{"line":43,"column":7}},"13":{"start":{"line":30,"column":30},"end":{"line":30,"column":91}},"14":{"start":{"line":31,"column":8},"end":{"line":40,"column":9}},"15":{"start":{"line":32,"column":10},"end":{"line":38,"column":13}},"16":{"start":{"line":39,"column":10},"end":{"line":39,"column":86}},"17":{"start":{"line":42,"column":8},"end":{"line":42,"column":77}},"18":{"start":{"line":47,"column":4},"end":{"line":47,"column":68}},"19":{"start":{"line":48,"column":4},"end":{"line":48,"column":16}},"20":{"start":{"line":53,"column":0},"end":{"line":63,"column":1}},"21":{"start":{"line":54,"column":2},"end":{"line":62,"column":7}},"22":{"start":{"line":56,"column":6},"end":{"line":56,"column":49}},"23":{"start":{"line":57,"column":6},"end":{"line":57,"column":22}},"24":{"start":{"line":60,"column":6},"end":{"line":60,"column":65}},"25":{"start":{"line":61,"column":6},"end":{"line":61,"column":22}},"26":{"start":{"line":65,"column":0},"end":{"line":65,"column":36}}},"fnMap":{"0":{"name":"initializeDatabase","decl":{"start":{"line":4,"column":15},"end":{"line":4,"column":33}},"loc":{"start":{"line":4,"column":36},"end":{"line":50,"column":1}},"line":4},"1":{"name":"(anonymous_1)","decl":{"start":{"line":55,"column":10},"end":{"line":55,"column":11}},"loc":{"start":{"line":55,"column":16},"end":{"line":58,"column":5}},"line":55},"2":{"name":"(anonymous_2)","decl":{"start":{"line":59,"column":11},"end":{"line":59,"column":12}},"loc":{"start":{"line":59,"column":20},"end":{"line":62,"column":5}},"line":59}},"branchMap":{"0":{"loc":{"start":{"line":6,"column":4},"end":{"line":8,"column":5}},"type":"if","locations":[{"start":{"line":6,"column":4},"end":{"line":8,"column":5}},{"start":{},"end":{}}],"line":6},"1":{"loc":{"start":{"line":13,"column":4},"end":{"line":15,"column":5}},"type":"if","locations":[{"start":{"line":13,"column":4},"end":{"line":15,"column":5}},{"start":{},"end":{}}],"line":13},"2":{"loc":{"start":{"line":23,"column":4},"end":{"line":25,"column":5}},"type":"if","locations":[{"start":{"line":23,"column":4},"end":{"line":25,"column":5}},{"start":{},"end":{}}],"line":23},"3":{"loc":{"start":{"line":28,"column":4},"end":{"line":44,"column":5}},"type":"if","locations":[{"start":{"line":28,"column":4},"end":{"line":44,"column":5}},{"start":{},"end":{}}],"line":28},"4":{"loc":{"start":{"line":31,"column":8},"end":{"line":40,"column":9}},"type":"if","locations":[{"start":{"line":31,"column":8},"end":{"line":40,"column":9}},{"start":{},"end":{}}],"line":31},"5":{"loc":{"start":{"line":53,"column":0},"end":{"line":63,"column":1}},"type":"if","locations":[{"start":{"line":53,"column":0},"end":{"line":63,"column":1}},{"start":{},"end":{}}],"line":53}},"s":{"0":0,"1":0,"2":0,"3":0,"4":0,"5":0,"6":0,"7":0,"8":0,"9":0,"10":0,"11":0,"12":0,"13":0,"14":0,"15":0,"16":0,"17":0,"18":0,"19":0,"20":0,"21":0,"22":0,"23":0,"24":0,"25":0,"26":0},"f":{"0":0,"1":0,"2":0},"b":{"0":[0,0],"1":[0,0],"2":[0,0],"3":[0,0],"4":[0,0],"5":[0,0]}}
,"C:\\Users\\Usuario\\Documents\\GitHub\\P3_32057736\\repositories\\ProductRepository.js": {"path":"C:\\Users\\Usuario\\Documents\\GitHub\\P3_32057736\\repositories\\ProductRepository.js","statementMap":{"0":{"start":{"line":4,"column":4},"end":{"line":4,"column":34}},"1":{"start":{"line":5,"column":4},"end":{"line":5,"column":36}},"2":{"start":{"line":6,"column":4},"end":{"line":6,"column":26}},"3":{"start":{"line":25,"column":8},"end":{"line":25,"column":15}},"4":{"start":{"line":27,"column":19},"end":{"line":27,"column":37}},"5":{"start":{"line":28,"column":18},"end":{"line":28,"column":20}},"6":{"start":{"line":29,"column":20},"end":{"line":29,"column":22}},"7":{"start":{"line":32,"column":4},"end":{"line":43,"column":5}},"8":{"start":{"line":33,"column":6},"end":{"line":42,"column":9}},"9":{"start":{"line":46,"column":4},"end":{"line":53,"column":5}},"10":{"start":{"line":47,"column":21},"end":{"line":47,"column":65}},"11":{"start":{"line":48,"column":6},"end":{"line":52,"column":9}},"12":{"start":{"line":56,"column":4},"end":{"line":60,"column":5}},"13":{"start":{"line":57,"column":6},"end":{"line":57,"column":23}},"14":{"start":{"line":58,"column":6},"end":{"line":58,"column":65}},"15":{"start":{"line":58,"column":21},"end":{"line":58,"column":65}},"16":{"start":{"line":59,"column":6},"end":{"line":59,"column":65}},"17":{"start":{"line":59,"column":21},"end":{"line":59,"column":65}},"18":{"start":{"line":63,"column":4},"end":{"line":68,"column":5}},"19":{"start":{"line":64,"column":6},"end":{"line":67,"column":8}},"20":{"start":{"line":71,"column":4},"end":{"line":71,"column":69}},"21":{"start":{"line":71,"column":19},"end":{"line":71,"column":69}},"22":{"start":{"line":72,"column":4},"end":{"line":72,"column":47}},"23":{"start":{"line":72,"column":19},"end":{"line":72,"column":47}},"24":{"start":{"line":73,"column":4},"end":{"line":73,"column":44}},"25":{"start":{"line":73,"column":18},"end":{"line":73,"column":44}},"26":{"start":{"line":74,"column":4},"end":{"line":74,"column":57}},"27":{"start":{"line":74,"column":15},"end":{"line":74,"column":57}},"28":{"start":{"line":75,"column":4},"end":{"line":75,"column":44}},"29":{"start":{"line":75,"column":18},"end":{"line":75,"column":44}},"30":{"start":{"line":76,"column":4},"end":{"line":76,"column":65}},"31":{"start":{"line":76,"column":25},"end":{"line":76,"column":65}},"32":{"start":{"line":78,"column":4},"end":{"line":95,"column":6}},"33":{"start":{"line":99,"column":25},"end":{"line":99,"column":49}},"34":{"start":{"line":100,"column":4},"end":{"line":100,"column":60}},"35":{"start":{"line":104,"column":4},"end":{"line":116,"column":7}},"36":{"start":{"line":120,"column":4},"end":{"line":133,"column":7}},"37":{"start":{"line":137,"column":4},"end":{"line":137,"column":50}},"38":{"start":{"line":141,"column":20},"end":{"line":141,"column":43}},"39":{"start":{"line":142,"column":4},"end":{"line":142,"column":30}},"40":{"start":{"line":142,"column":18},"end":{"line":142,"column":30}},"41":{"start":{"line":144,"column":4},"end":{"line":144,"column":45}},"42":{"start":{"line":148,"column":20},"end":{"line":148,"column":43}},"43":{"start":{"line":149,"column":4},"end":{"line":149,"column":30}},"44":{"start":{"line":149,"column":18},"end":{"line":149,"column":30}},"45":{"start":{"line":151,"column":4},"end":{"line":151,"column":28}},"46":{"start":{"line":152,"column":4},"end":{"line":152,"column":16}},"47":{"start":{"line":156,"column":0},"end":{"line":156,"column":35}}},"fnMap":{"0":{"name":"(anonymous_0)","decl":{"start":{"line":3,"column":2},"end":{"line":3,"column":3}},"loc":{"start":{"line":3,"column":22},"end":{"line":7,"column":3}},"line":3},"1":{"name":"(anonymous_1)","decl":{"start":{"line":10,"column":2},"end":{"line":10,"column":3}},"loc":{"start":{"line":10,"column":27},"end":{"line":96,"column":3}},"line":10},"2":{"name":"(anonymous_2)","decl":{"start":{"line":98,"column":2},"end":{"line":98,"column":3}},"loc":{"start":{"line":98,"column":38},"end":{"line":101,"column":3}},"line":98},"3":{"name":"(anonymous_3)","decl":{"start":{"line":103,"column":2},"end":{"line":103,"column":3}},"loc":{"start":{"line":103,"column":21},"end":{"line":117,"column":3}},"line":103},"4":{"name":"(anonymous_4)","decl":{"start":{"line":119,"column":2},"end":{"line":119,"column":3}},"loc":{"start":{"line":119,"column":25},"end":{"line":134,"column":3}},"line":119},"5":{"name":"(anonymous_5)","decl":{"start":{"line":136,"column":2},"end":{"line":136,"column":3}},"loc":{"start":{"line":136,"column":28},"end":{"line":138,"column":3}},"line":136},"6":{"name":"(anonymous_6)","decl":{"start":{"line":140,"column":2},"end":{"line":140,"column":3}},"loc":{"start":{"line":140,"column":32},"end":{"line":145,"column":3}},"line":140},"7":{"name":"(anonymous_7)","decl":{"start":{"line":147,"column":2},"end":{"line":147,"column":3}},"loc":{"start":{"line":147,"column":19},"end":{"line":153,"column":3}},"line":147}},"branchMap":{"0":{"loc":{"start":{"line":10,"column":13},"end":{"line":10,"column":25}},"type":"default-arg","locations":[{"start":{"line":10,"column":23},"end":{"line":10,"column":25}}],"line":10},"1":{"loc":{"start":{"line":12,"column":6},"end":{"line":12,"column":14}},"type":"default-arg","locations":[{"start":{"line":12,"column":13},"end":{"line":12,"column":14}}],"line":12},"2":{"loc":{"start":{"line":13,"column":6},"end":{"line":13,"column":16}},"type":"default-arg","locations":[{"start":{"line":13,"column":14},"end":{"line":13,"column":16}}],"line":13},"3":{"loc":{"start":{"line":32,"column":4},"end":{"line":43,"column":5}},"type":"if","locations":[{"start":{"line":32,"column":4},"end":{"line":43,"column":5}},{"start":{},"end":{}}],"line":32},"4":{"loc":{"start":{"line":46,"column":4},"end":{"line":53,"column":5}},"type":"if","locations":[{"start":{"line":46,"column":4},"end":{"line":53,"column":5}},{"start":{},"end":{}}],"line":46},"5":{"loc":{"start":{"line":47,"column":21},"end":{"line":47,"column":65}},"type":"cond-expr","locations":[{"start":{"line":47,"column":43},"end":{"line":47,"column":47}},{"start":{"line":47,"column":50},"end":{"line":47,"column":65}}],"line":47},"6":{"loc":{"start":{"line":56,"column":4},"end":{"line":60,"column":5}},"type":"if","locations":[{"start":{"line":56,"column":4},"end":{"line":60,"column":5}},{"start":{},"end":{}}],"line":56},"7":{"loc":{"start":{"line":56,"column":8},"end":{"line":56,"column":30}},"type":"binary-expr","locations":[{"start":{"line":56,"column":8},"end":{"line":56,"column":17}},{"start":{"line":56,"column":21},"end":{"line":56,"column":30}}],"line":56},"8":{"loc":{"start":{"line":58,"column":6},"end":{"line":58,"column":65}},"type":"if","locations":[{"start":{"line":58,"column":6},"end":{"line":58,"column":65}},{"start":{},"end":{}}],"line":58},"9":{"loc":{"start":{"line":59,"column":6},"end":{"line":59,"column":65}},"type":"if","locations":[{"start":{"line":59,"column":6},"end":{"line":59,"column":65}},{"start":{},"end":{}}],"line":59},"10":{"loc":{"start":{"line":63,"column":4},"end":{"line":68,"column":5}},"type":"if","locations":[{"start":{"line":63,"column":4},"end":{"line":68,"column":5}},{"start":{},"end":{}}],"line":63},"11":{"loc":{"start":{"line":71,"column":4},"end":{"line":71,"column":69}},"type":"if","locations":[{"start":{"line":71,"column":4},"end":{"line":71,"column":69}},{"start":{},"end":{}}],"line":71},"12":{"loc":{"start":{"line":72,"column":4},"end":{"line":72,"column":47}},"type":"if","locations":[{"start":{"line":72,"column":4},"end":{"line":72,"column":47}},{"start":{},"end":{}}],"line":72},"13":{"loc":{"start":{"line":73,"column":4},"end":{"line":73,"column":44}},"type":"if","locations":[{"start":{"line":73,"column":4},"end":{"line":73,"column":44}},{"start":{},"end":{}}],"line":73},"14":{"loc":{"start":{"line":74,"column":4},"end":{"line":74,"column":57}},"type":"if","locations":[{"start":{"line":74,"column":4},"end":{"line":74,"column":57}},{"start":{},"end":{}}],"line":74},"15":{"loc":{"start":{"line":75,"column":4},"end":{"line":75,"column":44}},"type":"if","locations":[{"start":{"line":75,"column":4},"end":{"line":75,"column":44}},{"start":{},"end":{}}],"line":75},"16":{"loc":{"start":{"line":76,"column":4},"end":{"line":76,"column":65}},"type":"if","locations":[{"start":{"line":76,"column":4},"end":{"line":76,"column":65}},{"start":{},"end":{}}],"line":76},"17":{"loc":{"start":{"line":98,"column":24},"end":{"line":98,"column":36}},"type":"default-arg","locations":[{"start":{"line":98,"column":34},"end":{"line":98,"column":36}}],"line":98},"18":{"loc":{"start":{"line":142,"column":4},"end":{"line":142,"column":30}},"type":"if","locations":[{"start":{"line":142,"column":4},"end":{"line":142,"column":30}},{"start":{},"end":{}}],"line":142},"19":{"loc":{"start":{"line":149,"column":4},"end":{"line":149,"column":30}},"type":"if","locations":[{"start":{"line":149,"column":4},"end":{"line":149,"column":30}},{"start":{},"end":{}}],"line":149}},"s":{"0":0,"1":0,"2":0,"3":0,"4":0,"5":0,"6":0,"7":0,"8":0,"9":0,"10":0,"11":0,"12":0,"13":0,"14":0,"15":0,"16":0,"17":0,"18":0,"19":0,"20":0,"21":0,"22":0,"23":0,"24":0,"25":0,"26":0,"27":0,"28":0,"29":0,"30":0,"31":0,"32":0,"33":0,"34":0,"35":0,"36":0,"37":0,"38":0,"39":0,"40":0,"41":0,"42":0,"43":0,"44":0,"45":0,"46":0,"47":0},"f":{"0":0,"1":0,"2":0,"3":0,"4":0,"5":0,"6":0,"7":0},"b":{"0":[0],"1":[0],"2":[0],"3":[0,0],"4":[0,0],"5":[0,0],"6":[0,0],"7":[0,0],"8":[0,0],"9":[0,0],"10":[0,0],"11":[0,0],"12":[0,0],"13":[0,0],"14":[0,0],"15":[0,0],"16":[0,0],"17":[0],"18":[0,0],"19":[0,0]}}
,"C:\\Users\\Usuario\\Documents\\GitHub\\P3_32057736\\routes\\auth.js": {"path":"C:\\Users\\Usuario\\Documents\\GitHub\\P3_32057736\\routes\\auth.js","statementMap":{"0":{"start":{"line":1,"column":16},"end":{"line":1,"column":34}},"1":{"start":{"line":2,"column":15},"end":{"line":2,"column":31}},"2":{"start":{"line":3,"column":23},"end":{"line":3,"column":63}},"3":{"start":{"line":5,"column":0},"end":{"line":5,"column":50}},"4":{"start":{"line":6,"column":0},"end":{"line":6,"column":44}},"5":{"start":{"line":8,"column":0},"end":{"line":8,"column":24}}},"fnMap":{},"branchMap":{},"s":{"0":5,"1":5,"2":5,"3":5,"4":5,"5":5},"f":{},"b":{},"_coverageSchema":"1a1c01bbd47fc00a2c39e90264f33305004495a9","hash":"95f553e428ddbc79d90b5c3b94de2a0a9427f721"}
,"C:\\Users\\Usuario\\Documents\\GitHub\\P3_32057736\\routes\\categories.js": {"path":"C:\\Users\\Usuario\\Documents\\GitHub\\P3_32057736\\routes\\categories.js","statementMap":{"0":{"start":{"line":1,"column":16},"end":{"line":1,"column":34}},"1":{"start":{"line":2,"column":15},"end":{"line":2,"column":31}},"2":{"start":{"line":3,"column":27},"end":{"line":3,"column":71}},"3":{"start":{"line":4,"column":13},"end":{"line":4,"column":42}},"4":{"start":{"line":6,"column":0},"end":{"line":6,"column":49}},"5":{"start":{"line":7,"column":0},"end":{"line":7,"column":50}},"6":{"start":{"line":9,"column":0},"end":{"line":9,"column":24}}},"fnMap":{},"branchMap":{},"s":{"0":5,"1":5,"2":5,"3":5,"4":5,"5":5,"6":5},"f":{},"b":{},"_coverageSchema":"1a1c01bbd47fc00a2c39e90264f33305004495a9","hash":"c70da8be94f9f9203e87c39525df74b836b5abc0"}
,"C:\\Users\\Usuario\\Documents\\GitHub\\P3_32057736\\routes\\index.js": {"path":"C:\\Users\\Usuario\\Documents\\GitHub\\P3_32057736\\routes\\index.js","statementMap":{"0":{"start":{"line":1,"column":14},"end":{"line":1,"column":32}},"1":{"start":{"line":2,"column":13},"end":{"line":2,"column":29}},"2":{"start":{"line":5,"column":0},"end":{"line":7,"column":3}},"3":{"start":{"line":6,"column":2},"end":{"line":6,"column":44}},"4":{"start":{"line":9,"column":0},"end":{"line":9,"column":24}}},"fnMap":{"0":{"name":"(anonymous_0)","decl":{"start":{"line":5,"column":16},"end":{"line":5,"column":17}},"loc":{"start":{"line":5,"column":41},"end":{"line":7,"column":1}},"line":5}},"branchMap":{},"s":{"0":0,"1":0,"2":0,"3":0,"4":0},"f":{"0":0},"b":{}}
,"C:\\Users\\Usuario\\Documents\\GitHub\\P3_32057736\\routes\\products.js": {"path":"C:\\Users\\Usuario\\Documents\\GitHub\\P3_32057736\\routes\\products.js","statementMap":{"0":{"start":{"line":1,"column":16},"end":{"line":1,"column":34}},"1":{"start":{"line":2,"column":15},"end":{"line":2,"column":31}},"2":{"start":{"line":3,"column":26},"end":{"line":3,"column":69}},"3":{"start":{"line":4,"column":13},"end":{"line":4,"column":42}},"4":{"start":{"line":7,"column":0},"end":{"line":7,"column":42}},"5":{"start":{"line":8,"column":0},"end":{"line":8,"column":48}},"6":{"start":{"line":11,"column":0},"end":{"line":11,"column":49}},"7":{"start":{"line":13,"column":0},"end":{"line":13,"column":24}}},"fnMap":{},"branchMap":{},"s":{"0":5,"1":5,"2":5,"3":5,"4":5,"5":5,"6":5,"7":5},"f":{},"b":{},"_coverageSchema":"1a1c01bbd47fc00a2c39e90264f33305004495a9","hash":"04bb38f357f58d0b39853e357da88be9170db2cf"}
,"C:\\Users\\Usuario\\Documents\\GitHub\\P3_32057736\\routes\\tags.js": {"path":"C:\\Users\\Usuario\\Documents\\GitHub\\P3_32057736\\routes\\tags.js","statementMap":{"0":{"start":{"line":1,"column":16},"end":{"line":1,"column":34}},"1":{"start":{"line":2,"column":15},"end":{"line":2,"column":31}},"2":{"start":{"line":3,"column":22},"end":{"line":3,"column":61}},"3":{"start":{"line":4,"column":13},"end":{"line":4,"column":42}},"4":{"start":{"line":6,"column":0},"end":{"line":6,"column":44}},"5":{"start":{"line":8,"column":0},"end":{"line":8,"column":24}}},"fnMap":{},"branchMap":{},"s":{"0":5,"1":5,"2":5,"3":5,"4":5,"5":5},"f":{},"b":{},"_coverageSchema":"1a1c01bbd47fc00a2c39e90264f33305004495a9","hash":"078b0adbf8f7ad70e535f1898110cc12bf773241"}
,"C:\\Users\\Usuario\\Documents\\GitHub\\P3_32057736\\routes\\users.js": {"path":"C:\\Users\\Usuario\\Documents\\GitHub\\P3_32057736\\routes\\users.js","statementMap":{"0":{"start":{"line":1,"column":16},"end":{"line":1,"column":34}},"1":{"start":{"line":2,"column":15},"end":{"line":2,"column":31}},"2":{"start":{"line":3,"column":23},"end":{"line":3,"column":63}},"3":{"start":{"line":4,"column":13},"end":{"line":4,"column":42}},"4":{"start":{"line":7,"column":0},"end":{"line":7,"column":17}},"5":{"start":{"line":9,"column":0},"end":{"line":9,"column":44}},"6":{"start":{"line":10,"column":0},"end":{"line":10,"column":44}},"7":{"start":{"line":11,"column":0},"end":{"line":11,"column":47}},"8":{"start":{"line":12,"column":0},"end":{"line":12,"column":46}},"9":{"start":{"line":13,"column":0},"end":{"line":13,"column":49}},"10":{"start":{"line":15,"column":0},"end":{"line":15,"column":24}}},"fnMap":{},"branchMap":{},"s":{"0":5,"1":5,"2":5,"3":5,"4":5,"5":5,"6":5,"7":5,"8":5,"9":5,"10":5},"f":{},"b":{},"_coverageSchema":"1a1c01bbd47fc00a2c39e90264f33305004495a9","hash":"b03ec402122d2ec8760c431594e98521f4597758"}
,"C:\\Users\\Usuario\\Documents\\GitHub\\P3_32057736\\scripts\\runSeed.js": {"path":"C:\\Users\\Usuario\\Documents\\GitHub\\P3_32057736\\scripts\\runSeed.js","statementMap":{"0":{"start":{"line":2,"column":18},"end":{"line":2,"column":38}},"1":{"start":{"line":3,"column":17},"end":{"line":3,"column":38}},"2":{"start":{"line":5,"column":16},"end":{"line":16,"column":1}},"3":{"start":{"line":6,"column":2},"end":{"line":15,"column":3}},"4":{"start":{"line":7,"column":4},"end":{"line":7,"column":35}},"5":{"start":{"line":8,"column":4},"end":{"line":8,"column":41}},"6":{"start":{"line":10,"column":4},"end":{"line":10,"column":21}},"7":{"start":{"line":11,"column":4},"end":{"line":11,"column":20}},"8":{"start":{"line":13,"column":4},"end":{"line":13,"column":48}},"9":{"start":{"line":14,"column":4},"end":{"line":14,"column":20}},"10":{"start":{"line":18,"column":0},"end":{"line":18,"column":10}}},"fnMap":{"0":{"name":"(anonymous_0)","decl":{"start":{"line":5,"column":16},"end":{"line":5,"column":17}},"loc":{"start":{"line":5,"column":28},"end":{"line":16,"column":1}},"line":5}},"branchMap":{},"s":{"0":0,"1":0,"2":0,"3":0,"4":0,"5":0,"6":0,"7":0,"8":0,"9":0,"10":0},"f":{"0":0},"b":{}}
,"C:\\Users\\Usuario\\Documents\\GitHub\\P3_32057736\\scripts\\seedData.js": {"path":"C:\\Users\\Usuario\\Documents\\GitHub\\P3_32057736\\scripts\\seedData.js","statementMap":{"0":{"start":{"line":2,"column":35},"end":{"line":2,"column":55}},"1":{"start":{"line":4,"column":17},"end":{"line":228,"column":1}},"2":{"start":{"line":5,"column":2},"end":{"line":227,"column":3}},"3":{"start":{"line":7,"column":23},"end":{"line":24,"column":34}},"4":{"start":{"line":27,"column":17},"end":{"line":38,"column":34}},"5":{"start":{"line":41,"column":28},"end":{"line":200,"column":5}},"6":{"start":{"line":203,"column":4},"end":{"line":222,"column":5}},"7":{"start":{"line":204,"column":41},"end":{"line":204,"column":49}},"8":{"start":{"line":207,"column":19},"end":{"line":210,"column":8}},"9":{"start":{"line":212,"column":22},"end":{"line":215,"column":8}},"10":{"start":{"line":217,"column":6},"end":{"line":219,"column":7}},"11":{"start":{"line":218,"column":8},"end":{"line":218,"column":38}},"12":{"start":{"line":221,"column":6},"end":{"line":221,"column":46}},"13":{"start":{"line":224,"column":4},"end":{"line":224,"column":58}},"14":{"start":{"line":226,"column":4},"end":{"line":226,"column":48}},"15":{"start":{"line":230,"column":0},"end":{"line":230,"column":26}}},"fnMap":{"0":{"name":"(anonymous_0)","decl":{"start":{"line":4,"column":17},"end":{"line":4,"column":18}},"loc":{"start":{"line":4,"column":29},"end":{"line":228,"column":1}},"line":4}},"branchMap":{"0":{"loc":{"start":{"line":217,"column":6},"end":{"line":219,"column":7}},"type":"if","locations":[{"start":{"line":217,"column":6},"end":{"line":219,"column":7}},{"start":{},"end":{}}],"line":217},"1":{"loc":{"start":{"line":217,"column":10},"end":{"line":217,"column":37}},"type":"binary-expr","locations":[{"start":{"line":217,"column":10},"end":{"line":217,"column":16}},{"start":{"line":217,"column":20},"end":{"line":217,"column":37}}],"line":217}},"s":{"0":0,"1":0,"2":0,"3":0,"4":0,"5":0,"6":0,"7":0,"8":0,"9":0,"10":0,"11":0,"12":0,"13":0,"14":0,"15":0},"f":{"0":0},"b":{"0":[0,0],"1":[0,0]}}
,"C:\\Users\\Usuario\\Documents\\GitHub\\P3_32057736\\services\\authService.js": {"path":"C:\\Users\\Usuario\\Documents\\GitHub\\P3_32057736\\services\\authService.js","statementMap":{"0":{"start":{"line":1,"column":12},"end":{"line":1,"column":35}},"1":{"start":{"line":2,"column":17},"end":{"line":2,"column":37}},"2":{"start":{"line":6,"column":4},"end":{"line":10,"column":6}},"3":{"start":{"line":14,"column":4},"end":{"line":14,"column":70}},"4":{"start":{"line":18,"column":24},"end":{"line":18,"column":48}},"5":{"start":{"line":19,"column":17},"end":{"line":19,"column":55}},"6":{"start":{"line":21,"column":18},"end":{"line":21,"column":45}},"7":{"start":{"line":22,"column":4},"end":{"line":28,"column":6}},"8":{"start":{"line":32,"column":17},"end":{"line":32,"column":57}},"9":{"start":{"line":33,"column":4},"end":{"line":35,"column":5}},"10":{"start":{"line":34,"column":6},"end":{"line":34,"column":48}},"11":{"start":{"line":37,"column":28},"end":{"line":37,"column":65}},"12":{"start":{"line":38,"column":4},"end":{"line":40,"column":5}},"13":{"start":{"line":39,"column":6},"end":{"line":39,"column":48}},"14":{"start":{"line":42,"column":18},"end":{"line":42,"column":45}},"15":{"start":{"line":44,"column":4},"end":{"line":50,"column":6}},"16":{"start":{"line":54,"column":0},"end":{"line":54,"column":35}}},"fnMap":{"0":{"name":"(anonymous_0)","decl":{"start":{"line":5,"column":2},"end":{"line":5,"column":3}},"loc":{"start":{"line":5,"column":24},"end":{"line":11,"column":3}},"line":5},"1":{"name":"(anonymous_1)","decl":{"start":{"line":13,"column":2},"end":{"line":13,"column":3}},"loc":{"start":{"line":13,"column":21},"end":{"line":15,"column":3}},"line":13},"2":{"name":"(anonymous_2)","decl":{"start":{"line":17,"column":2},"end":{"line":17,"column":3}},"loc":{"start":{"line":17,"column":27},"end":{"line":29,"column":3}},"line":17},"3":{"name":"(anonymous_3)","decl":{"start":{"line":31,"column":2},"end":{"line":31,"column":3}},"loc":{"start":{"line":31,"column":31},"end":{"line":51,"column":3}},"line":31}},"branchMap":{"0":{"loc":{"start":{"line":8,"column":6},"end":{"line":8,"column":45}},"type":"binary-expr","locations":[{"start":{"line":8,"column":6},"end":{"line":8,"column":28}},{"start":{"line":8,"column":32},"end":{"line":8,"column":45}}],"line":8},"1":{"loc":{"start":{"line":14,"column":29},"end":{"line":14,"column":68}},"type":"binary-expr","locations":[{"start":{"line":14,"column":29},"end":{"line":14,"column":51}},{"start":{"line":14,"column":55},"end":{"line":14,"column":68}}],"line":14},"2":{"loc":{"start":{"line":33,"column":4},"end":{"line":35,"column":5}},"type":"if","locations":[{"start":{"line":33,"column":4},"end":{"line":35,"column":5}},{"start":{},"end":{}}],"line":33},"3":{"loc":{"start":{"line":38,"column":4},"end":{"line":40,"column":5}},"type":"if","locations":[{"start":{"line":38,"column":4},"end":{"line":40,"column":5}},{"start":{},"end":{}}],"line":38}},"s":{"0":1,"1":1,"2":1,"3":0,"4":0,"5":0,"6":0,"7":0,"8":0,"9":0,"10":0,"11":0,"12":0,"13":0,"14":0,"15":0,"16":1},"f":{"0":1,"1":0,"2":0,"3":0},"b":{"0":[1,0],"1":[0,0],"2":[0,0],"3":[0,0]},"_coverageSchema":"1a1c01bbd47fc00a2c39e90264f33305004495a9","hash":"97f9f8ba45df746bb09a1d351f982c152d7d275b"}
,"C:\\Users\\Usuario\\Documents\\GitHub\\P3_32057736\\services\\userService.js": {"path":"C:\\Users\\Usuario\\Documents\\GitHub\\P3_32057736\\services\\userService.js","statementMap":{"0":{"start":{"line":1,"column":17},"end":{"line":1,"column":37}},"1":{"start":{"line":5,"column":4},"end":{"line":5,"column":32}},"2":{"start":{"line":9,"column":17},"end":{"line":9,"column":40}},"3":{"start":{"line":10,"column":4},"end":{"line":12,"column":5}},"4":{"start":{"line":11,"column":6},"end":{"line":11,"column":47}},"5":{"start":{"line":13,"column":4},"end":{"line":13,"column":16}},"6":{"start":{"line":18,"column":25},"end":{"line":18,"column":81}},"7":{"start":{"line":19,"column":4},"end":{"line":21,"column":5}},"8":{"start":{"line":20,"column":6},"end":{"line":20,"column":53}},"9":{"start":{"line":24,"column":27},"end":{"line":24,"column":85}},"10":{"start":{"line":25,"column":4},"end":{"line":27,"column":5}},"11":{"start":{"line":26,"column":6},"end":{"line":26,"column":54}},"12":{"start":{"line":29,"column":4},"end":{"line":29,"column":39}},"13":{"start":{"line":33,"column":17},"end":{"line":33,"column":43}},"14":{"start":{"line":36,"column":4},"end":{"line":41,"column":5}},"15":{"start":{"line":37,"column":27},"end":{"line":37,"column":83}},"16":{"start":{"line":38,"column":6},"end":{"line":40,"column":7}},"17":{"start":{"line":39,"column":8},"end":{"line":39,"column":55}},"18":{"start":{"line":43,"column":4},"end":{"line":43,"column":39}},"19":{"start":{"line":47,"column":17},"end":{"line":47,"column":43}},"20":{"start":{"line":48,"column":4},"end":{"line":48,"column":25}},"21":{"start":{"line":49,"column":4},"end":{"line":49,"column":58}},"22":{"start":{"line":53,"column":0},"end":{"line":53,"column":35}}},"fnMap":{"0":{"name":"(anonymous_0)","decl":{"start":{"line":4,"column":2},"end":{"line":4,"column":3}},"loc":{"start":{"line":4,"column":22},"end":{"line":6,"column":3}},"line":4},"1":{"name":"(anonymous_1)","decl":{"start":{"line":8,"column":2},"end":{"line":8,"column":3}},"loc":{"start":{"line":8,"column":24},"end":{"line":14,"column":3}},"line":8},"2":{"name":"(anonymous_2)","decl":{"start":{"line":16,"column":2},"end":{"line":16,"column":3}},"loc":{"start":{"line":16,"column":29},"end":{"line":30,"column":3}},"line":16},"3":{"name":"(anonymous_3)","decl":{"start":{"line":32,"column":2},"end":{"line":32,"column":3}},"loc":{"start":{"line":32,"column":33},"end":{"line":44,"column":3}},"line":32},"4":{"name":"(anonymous_4)","decl":{"start":{"line":46,"column":2},"end":{"line":46,"column":3}},"loc":{"start":{"line":46,"column":23},"end":{"line":50,"column":3}},"line":46}},"branchMap":{"0":{"loc":{"start":{"line":10,"column":4},"end":{"line":12,"column":5}},"type":"if","locations":[{"start":{"line":10,"column":4},"end":{"line":12,"column":5}},{"start":{},"end":{}}],"line":10},"1":{"loc":{"start":{"line":19,"column":4},"end":{"line":21,"column":5}},"type":"if","locations":[{"start":{"line":19,"column":4},"end":{"line":21,"column":5}},{"start":{},"end":{}}],"line":19},"2":{"loc":{"start":{"line":25,"column":4},"end":{"line":27,"column":5}},"type":"if","locations":[{"start":{"line":25,"column":4},"end":{"line":27,"column":5}},{"start":{},"end":{}}],"line":25},"3":{"loc":{"start":{"line":36,"column":4},"end":{"line":41,"column":5}},"type":"if","locations":[{"start":{"line":36,"column":4},"end":{"line":41,"column":5}},{"start":{},"end":{}}],"line":36},"4":{"loc":{"start":{"line":36,"column":8},"end":{"line":36,"column":55}},"type":"binary-expr","locations":[{"start":{"line":36,"column":8},"end":{"line":36,"column":22}},{"start":{"line":36,"column":26},"end":{"line":36,"column":55}}],"line":36},"5":{"loc":{"start":{"line":38,"column":6},"end":{"line":40,"column":7}},"type":"if","locations":[{"start":{"line":38,"column":6},"end":{"line":40,"column":7}},{"start":{},"end":{}}],"line":38}},"s":{"0":1,"1":0,"2":0,"3":0,"4":0,"5":0,"6":1,"7":1,"8":0,"9":1,"10":1,"11":0,"12":1,"13":0,"14":0,"15":0,"16":0,"17":0,"18":0,"19":0,"20":0,"21":0,"22":1},"f":{"0":0,"1":0,"2":1,"3":0,"4":0},"b":{"0":[0,0],"1":[0,1],"2":[0,1],"3":[0,0],"4":[0,0],"5":[0,0]},"_coverageSchema":"1a1c01bbd47fc00a2c39e90264f33305004495a9","hash":"b5e0d3f5793faca7489f6a7b9bb4b3a8e60c979a"}
}
