{"C:\\Users\\Usuario\\Documents\\GitHub\\P3_32057736\\app.js": {"path":"C:\\Users\\Usuario\\Documents\\GitHub\\P3_32057736\\app.js","statementMap":{"0":{"start":{"line":1,"column":14},"end":{"line":1,"column":32}},"1":{"start":{"line":2,"column":11},"end":{"line":2,"column":26}},"2":{"start":{"line":3,"column":19},"end":{"line":3,"column":43}},"3":{"start":{"line":4,"column":13},"end":{"line":4,"column":30}},"4":{"start":{"line":5,"column":19},"end":{"line":5,"column":43}},"5":{"start":{"line":6,"column":16},"end":{"line":6,"column":45}},"6":{"start":{"line":9,"column":27},"end":{"line":9,"column":51}},"7":{"start":{"line":11,"column":10},"end":{"line":11,"column":19}},"8":{"start":{"line":14,"column":23},"end":{"line":36,"column":1}},"9":{"start":{"line":38,"column":20},"end":{"line":38,"column":48}},"10":{"start":{"line":41,"column":0},"end":{"line":41,"column":23}},"11":{"start":{"line":42,"column":0},"end":{"line":42,"column":24}},"12":{"start":{"line":43,"column":0},"end":{"line":43,"column":49}},"13":{"start":{"line":44,"column":0},"end":{"line":44,"column":24}},"14":{"start":{"line":45,"column":0},"end":{"line":45,"column":56}},"15":{"start":{"line":48,"column":0},"end":{"line":48,"column":21}},"16":{"start":{"line":51,"column":0},"end":{"line":51,"column":68}},"17":{"start":{"line":54,"column":23},"end":{"line":54,"column":62}},"18":{"start":{"line":55,"column":23},"end":{"line":55,"column":62}},"19":{"start":{"line":56,"column":30},"end":{"line":56,"column":58}},"20":{"start":{"line":67,"column":0},"end":{"line":69,"column":3}},"21":{"start":{"line":68,"column":2},"end":{"line":68,"column":25}},"22":{"start":{"line":101,"column":0},"end":{"line":110,"column":3}},"23":{"start":{"line":102,"column":2},"end":{"line":109,"column":5}},"24":{"start":{"line":148,"column":0},"end":{"line":148,"column":52}},"25":{"start":{"line":176,"column":0},"end":{"line":176,"column":46}},"26":{"start":{"line":193,"column":0},"end":{"line":193,"column":65}},"27":{"start":{"line":215,"column":0},"end":{"line":215,"column":69}},"28":{"start":{"line":254,"column":0},"end":{"line":254,"column":65}},"29":{"start":{"line":291,"column":0},"end":{"line":291,"column":68}},"30":{"start":{"line":313,"column":0},"end":{"line":313,"column":71}},"31":{"start":{"line":316,"column":0},"end":{"line":321,"column":3}},"32":{"start":{"line":317,"column":2},"end":{"line":320,"column":5}},"33":{"start":{"line":324,"column":0},"end":{"line":330,"column":3}},"34":{"start":{"line":325,"column":2},"end":{"line":325,"column":52}},"35":{"start":{"line":326,"column":2},"end":{"line":329,"column":5}},"36":{"start":{"line":332,"column":0},"end":{"line":332,"column":21}}},"fnMap":{"0":{"name":"(anonymous_0)","decl":{"start":{"line":67,"column":17},"end":{"line":67,"column":18}},"loc":{"start":{"line":67,"column":36},"end":{"line":69,"column":1}},"line":67},"1":{"name":"(anonymous_1)","decl":{"start":{"line":101,"column":18},"end":{"line":101,"column":19}},"loc":{"start":{"line":101,"column":37},"end":{"line":110,"column":1}},"line":101},"2":{"name":"(anonymous_2)","decl":{"start":{"line":316,"column":8},"end":{"line":316,"column":9}},"loc":{"start":{"line":316,"column":33},"end":{"line":321,"column":1}},"line":316},"3":{"name":"(anonymous_3)","decl":{"start":{"line":324,"column":8},"end":{"line":324,"column":9}},"loc":{"start":{"line":324,"column":38},"end":{"line":330,"column":1}},"line":324}},"branchMap":{"0":{"loc":{"start":{"line":328,"column":13},"end":{"line":328,"column":96}},"type":"cond-expr","locations":[{"start":{"line":328,"column":54},"end":{"line":328,"column":65}},{"start":{"line":328,"column":68},"end":{"line":328,"column":96}}],"line":328}},"s":{"0":3,"1":3,"2":3,"3":3,"4":3,"5":3,"6":3,"7":3,"8":3,"9":3,"10":3,"11":3,"12":3,"13":3,"14":3,"15":3,"16":3,"17":3,"18":3,"19":3,"20":3,"21":1,"22":3,"23":1,"24":3,"25":3,"26":3,"27":3,"28":3,"29":3,"30":3,"31":3,"32":0,"33":3,"34":0,"35":0,"36":3},"f":{"0":1,"1":1,"2":0,"3":0},"b":{"0":[0,0]},"_coverageSchema":"1a1c01bbd47fc00a2c39e90264f33305004495a9","hash":"0b8d603b749a78150e06168201ca3deacea30c99"}
,"C:\\Users\\Usuario\\Documents\\GitHub\\P3_32057736\\__tests__\\app.test.js": {"path":"C:\\Users\\Usuario\\Documents\\GitHub\\P3_32057736\\__tests__\\app.test.js","statementMap":{"0":{"start":{"line":1,"column":16},"end":{"line":1,"column":36}},"1":{"start":{"line":2,"column":12},"end":{"line":2,"column":29}},"2":{"start":{"line":3,"column":22},"end":{"line":3,"column":51}},"3":{"start":{"line":5,"column":0},"end":{"line":41,"column":3}},"4":{"start":{"line":6,"column":2},"end":{"line":9,"column":5}},"5":{"start":{"line":8,"column":4},"end":{"line":8,"column":60}},"6":{"start":{"line":8,"column":33},"end":{"line":8,"column":58}},"7":{"start":{"line":11,"column":2},"end":{"line":13,"column":5}},"8":{"start":{"line":12,"column":4},"end":{"line":12,"column":28}},"9":{"start":{"line":15,"column":2},"end":{"line":20,"column":5}},"10":{"start":{"line":16,"column":4},"end":{"line":19,"column":7}},"11":{"start":{"line":17,"column":23},"end":{"line":17,"column":54}},"12":{"start":{"line":18,"column":6},"end":{"line":18,"column":40}},"13":{"start":{"line":22,"column":2},"end":{"line":32,"column":5}},"14":{"start":{"line":23,"column":4},"end":{"line":31,"column":7}},"15":{"start":{"line":24,"column":23},"end":{"line":24,"column":55}},"16":{"start":{"line":26,"column":6},"end":{"line":26,"column":40}},"17":{"start":{"line":27,"column":6},"end":{"line":27,"column":51}},"18":{"start":{"line":28,"column":6},"end":{"line":28,"column":66}},"19":{"start":{"line":29,"column":6},"end":{"line":29,"column":58}},"20":{"start":{"line":30,"column":6},"end":{"line":30,"column":59}},"21":{"start":{"line":34,"column":2},"end":{"line":40,"column":5}},"22":{"start":{"line":35,"column":4},"end":{"line":39,"column":7}},"23":{"start":{"line":36,"column":23},"end":{"line":36,"column":61}},"24":{"start":{"line":37,"column":6},"end":{"line":37,"column":40}},"25":{"start":{"line":38,"column":6},"end":{"line":38,"column":49}}},"fnMap":{"0":{"name":"(anonymous_0)","decl":{"start":{"line":5,"column":28},"end":{"line":5,"column":29}},"loc":{"start":{"line":5,"column":34},"end":{"line":41,"column":1}},"line":5},"1":{"name":"(anonymous_1)","decl":{"start":{"line":6,"column":12},"end":{"line":6,"column":13}},"loc":{"start":{"line":6,"column":24},"end":{"line":9,"column":3}},"line":6},"2":{"name":"(anonymous_2)","decl":{"start":{"line":8,"column":22},"end":{"line":8,"column":23}},"loc":{"start":{"line":8,"column":33},"end":{"line":8,"column":58}},"line":8},"3":{"name":"(anonymous_3)","decl":{"start":{"line":11,"column":11},"end":{"line":11,"column":12}},"loc":{"start":{"line":11,"column":23},"end":{"line":13,"column":3}},"line":11},"4":{"name":"(anonymous_4)","decl":{"start":{"line":15,"column":24},"end":{"line":15,"column":25}},"loc":{"start":{"line":15,"column":30},"end":{"line":20,"column":3}},"line":15},"5":{"name":"(anonymous_5)","decl":{"start":{"line":16,"column":28},"end":{"line":16,"column":29}},"loc":{"start":{"line":16,"column":40},"end":{"line":19,"column":5}},"line":16},"6":{"name":"(anonymous_6)","decl":{"start":{"line":22,"column":25},"end":{"line":22,"column":26}},"loc":{"start":{"line":22,"column":31},"end":{"line":32,"column":3}},"line":22},"7":{"name":"(anonymous_7)","decl":{"start":{"line":23,"column":39},"end":{"line":23,"column":40}},"loc":{"start":{"line":23,"column":51},"end":{"line":31,"column":5}},"line":23},"8":{"name":"(anonymous_8)","decl":{"start":{"line":34,"column":31},"end":{"line":34,"column":32}},"loc":{"start":{"line":34,"column":37},"end":{"line":40,"column":3}},"line":34},"9":{"name":"(anonymous_9)","decl":{"start":{"line":35,"column":50},"end":{"line":35,"column":51}},"loc":{"start":{"line":35,"column":62},"end":{"line":39,"column":5}},"line":35}},"branchMap":{},"s":{"0":0,"1":0,"2":0,"3":0,"4":0,"5":0,"6":0,"7":0,"8":0,"9":0,"10":0,"11":0,"12":0,"13":0,"14":0,"15":0,"16":0,"17":0,"18":0,"19":0,"20":0,"21":0,"22":0,"23":0,"24":0,"25":0},"f":{"0":0,"1":0,"2":0,"3":0,"4":0,"5":0,"6":0,"7":0,"8":0,"9":0},"b":{}}
,"C:\\Users\\Usuario\\Documents\\GitHub\\P3_32057736\\config\\database.js": {"path":"C:\\Users\\Usuario\\Documents\\GitHub\\P3_32057736\\config\\database.js","statementMap":{"0":{"start":{"line":1,"column":22},"end":{"line":1,"column":42}},"1":{"start":{"line":5,"column":0},"end":{"line":10,"column":1}},"2":{"start":{"line":7,"column":2},"end":{"line":7,"column":23}},"3":{"start":{"line":9,"column":2},"end":{"line":9,"column":32}},"4":{"start":{"line":12,"column":18},"end":{"line":22,"column":2}},"5":{"start":{"line":24,"column":0},"end":{"line":24,"column":31}}},"fnMap":{},"branchMap":{"0":{"loc":{"start":{"line":5,"column":0},"end":{"line":10,"column":1}},"type":"if","locations":[{"start":{"line":5,"column":0},"end":{"line":10,"column":1}},{"start":{"line":8,"column":7},"end":{"line":10,"column":1}}],"line":5}},"s":{"0":3,"1":3,"2":3,"3":0,"4":3,"5":3},"f":{},"b":{"0":[3,0]},"_coverageSchema":"1a1c01bbd47fc00a2c39e90264f33305004495a9","hash":"31dbc7cc4af9ac5e3e22fe9dc1a6110dc092ef6b"}
,"C:\\Users\\Usuario\\Documents\\GitHub\\P3_32057736\\controllers\\authController.js": {"path":"C:\\Users\\Usuario\\Documents\\GitHub\\P3_32057736\\controllers\\authController.js","statementMap":{"0":{"start":{"line":1,"column":20},"end":{"line":1,"column":54}},"1":{"start":{"line":3,"column":23},"end":{"line":64,"column":1}},"2":{"start":{"line":5,"column":4},"end":{"line":40,"column":5}},"3":{"start":{"line":6,"column":67},"end":{"line":6,"column":75}},"4":{"start":{"line":9,"column":6},"end":{"line":14,"column":7}},"5":{"start":{"line":10,"column":8},"end":{"line":13,"column":11}},"6":{"start":{"line":17,"column":25},"end":{"line":17,"column":53}},"7":{"start":{"line":18,"column":6},"end":{"line":23,"column":7}},"8":{"start":{"line":19,"column":8},"end":{"line":22,"column":11}},"9":{"start":{"line":25,"column":21},"end":{"line":31,"column":8}},"10":{"start":{"line":33,"column":6},"end":{"line":33,"column":35}},"11":{"start":{"line":35,"column":6},"end":{"line":35,"column":49}},"12":{"start":{"line":36,"column":6},"end":{"line":39,"column":9}},"13":{"start":{"line":44,"column":4},"end":{"line":62,"column":5}},"14":{"start":{"line":45,"column":34},"end":{"line":45,"column":42}},"15":{"start":{"line":47,"column":6},"end":{"line":52,"column":7}},"16":{"start":{"line":48,"column":8},"end":{"line":51,"column":11}},"17":{"start":{"line":54,"column":21},"end":{"line":54,"column":61}},"18":{"start":{"line":55,"column":6},"end":{"line":55,"column":23}},"19":{"start":{"line":57,"column":6},"end":{"line":57,"column":46}},"20":{"start":{"line":58,"column":6},"end":{"line":61,"column":9}},"21":{"start":{"line":66,"column":0},"end":{"line":66,"column":32}}},"fnMap":{"0":{"name":"(anonymous_0)","decl":{"start":{"line":4,"column":2},"end":{"line":4,"column":3}},"loc":{"start":{"line":4,"column":27},"end":{"line":41,"column":3}},"line":4},"1":{"name":"(anonymous_1)","decl":{"start":{"line":43,"column":2},"end":{"line":43,"column":3}},"loc":{"start":{"line":43,"column":24},"end":{"line":63,"column":3}},"line":43}},"branchMap":{"0":{"loc":{"start":{"line":9,"column":6},"end":{"line":14,"column":7}},"type":"if","locations":[{"start":{"line":9,"column":6},"end":{"line":14,"column":7}},{"start":{},"end":{}}],"line":9},"1":{"loc":{"start":{"line":9,"column":10},"end":{"line":9,"column":71}},"type":"binary-expr","locations":[{"start":{"line":9,"column":10},"end":{"line":9,"column":25}},{"start":{"line":9,"column":29},"end":{"line":9,"column":35}},{"start":{"line":9,"column":39},"end":{"line":9,"column":48}},{"start":{"line":9,"column":52},"end":{"line":9,"column":59}},{"start":{"line":9,"column":63},"end":{"line":9,"column":71}}],"line":9},"2":{"loc":{"start":{"line":18,"column":6},"end":{"line":23,"column":7}},"type":"if","locations":[{"start":{"line":18,"column":6},"end":{"line":23,"column":7}},{"start":{},"end":{}}],"line":18},"3":{"loc":{"start":{"line":47,"column":6},"end":{"line":52,"column":7}},"type":"if","locations":[{"start":{"line":47,"column":6},"end":{"line":52,"column":7}},{"start":{},"end":{}}],"line":47},"4":{"loc":{"start":{"line":47,"column":10},"end":{"line":47,"column":29}},"type":"binary-expr","locations":[{"start":{"line":47,"column":10},"end":{"line":47,"column":16}},{"start":{"line":47,"column":20},"end":{"line":47,"column":29}}],"line":47}},"s":{"0":3,"1":3,"2":1,"3":1,"4":1,"5":0,"6":1,"7":1,"8":0,"9":1,"10":1,"11":0,"12":0,"13":0,"14":0,"15":0,"16":0,"17":0,"18":0,"19":0,"20":0,"21":3},"f":{"0":1,"1":0},"b":{"0":[0,1],"1":[1,1,1,1,1],"2":[0,1],"3":[0,0],"4":[0,0]},"_coverageSchema":"1a1c01bbd47fc00a2c39e90264f33305004495a9","hash":"4645b0031fbe850d4a33d2326de1d1540b014c00"}
,"C:\\Users\\Usuario\\Documents\\GitHub\\P3_32057736\\controllers\\userController.js": {"path":"C:\\Users\\Usuario\\Documents\\GitHub\\P3_32057736\\controllers\\userController.js","statementMap":{"0":{"start":{"line":1,"column":20},"end":{"line":1,"column":54}},"1":{"start":{"line":3,"column":23},"end":{"line":79,"column":1}},"2":{"start":{"line":5,"column":4},"end":{"line":16,"column":5}},"3":{"start":{"line":6,"column":20},"end":{"line":6,"column":51}},"4":{"start":{"line":7,"column":6},"end":{"line":10,"column":9}},"5":{"start":{"line":12,"column":6},"end":{"line":15,"column":9}},"6":{"start":{"line":20,"column":4},"end":{"line":31,"column":5}},"7":{"start":{"line":21,"column":19},"end":{"line":21,"column":63}},"8":{"start":{"line":22,"column":6},"end":{"line":25,"column":9}},"9":{"start":{"line":27,"column":6},"end":{"line":30,"column":9}},"10":{"start":{"line":35,"column":4},"end":{"line":46,"column":5}},"11":{"start":{"line":36,"column":19},"end":{"line":36,"column":57}},"12":{"start":{"line":37,"column":6},"end":{"line":40,"column":9}},"13":{"start":{"line":42,"column":6},"end":{"line":45,"column":9}},"14":{"start":{"line":50,"column":4},"end":{"line":62,"column":5}},"15":{"start":{"line":51,"column":19},"end":{"line":51,"column":72}},"16":{"start":{"line":52,"column":6},"end":{"line":55,"column":9}},"17":{"start":{"line":57,"column":25},"end":{"line":57,"column":76}},"18":{"start":{"line":58,"column":6},"end":{"line":61,"column":9}},"19":{"start":{"line":66,"column":4},"end":{"line":77,"column":5}},"20":{"start":{"line":67,"column":21},"end":{"line":67,"column":64}},"21":{"start":{"line":68,"column":6},"end":{"line":71,"column":9}},"22":{"start":{"line":73,"column":6},"end":{"line":76,"column":9}},"23":{"start":{"line":81,"column":0},"end":{"line":81,"column":32}}},"fnMap":{"0":{"name":"(anonymous_0)","decl":{"start":{"line":4,"column":2},"end":{"line":4,"column":3}},"loc":{"start":{"line":4,"column":30},"end":{"line":17,"column":3}},"line":4},"1":{"name":"(anonymous_1)","decl":{"start":{"line":19,"column":2},"end":{"line":19,"column":3}},"loc":{"start":{"line":19,"column":30},"end":{"line":32,"column":3}},"line":19},"2":{"name":"(anonymous_2)","decl":{"start":{"line":34,"column":2},"end":{"line":34,"column":3}},"loc":{"start":{"line":34,"column":29},"end":{"line":47,"column":3}},"line":34},"3":{"name":"(anonymous_3)","decl":{"start":{"line":49,"column":2},"end":{"line":49,"column":3}},"loc":{"start":{"line":49,"column":29},"end":{"line":63,"column":3}},"line":49},"4":{"name":"(anonymous_4)","decl":{"start":{"line":65,"column":2},"end":{"line":65,"column":3}},"loc":{"start":{"line":65,"column":29},"end":{"line":78,"column":3}},"line":65}},"branchMap":{"0":{"loc":{"start":{"line":57,"column":25},"end":{"line":57,"column":76}},"type":"cond-expr","locations":[{"start":{"line":57,"column":67},"end":{"line":57,"column":70}},{"start":{"line":57,"column":73},"end":{"line":57,"column":76}}],"line":57}},"s":{"0":3,"1":3,"2":1,"3":1,"4":1,"5":0,"6":0,"7":0,"8":0,"9":0,"10":1,"11":1,"12":1,"13":0,"14":0,"15":0,"16":0,"17":0,"18":0,"19":0,"20":0,"21":0,"22":0,"23":3},"f":{"0":1,"1":0,"2":1,"3":0,"4":0},"b":{"0":[0,0]},"_coverageSchema":"1a1c01bbd47fc00a2c39e90264f33305004495a9","hash":"453fb323d1f6b8a273f3bfb530500c56c94e197a"}
,"C:\\Users\\Usuario\\Documents\\GitHub\\P3_32057736\\middleware\\auth.js": {"path":"C:\\Users\\Usuario\\Documents\\GitHub\\P3_32057736\\middleware\\auth.js","statementMap":{"0":{"start":{"line":1,"column":20},"end":{"line":1,"column":54}},"1":{"start":{"line":3,"column":26},"end":{"line":24,"column":1}},"2":{"start":{"line":4,"column":21},"end":{"line":4,"column":49}},"3":{"start":{"line":5,"column":16},"end":{"line":5,"column":54}},"4":{"start":{"line":7,"column":2},"end":{"line":12,"column":3}},"5":{"start":{"line":8,"column":4},"end":{"line":11,"column":7}},"6":{"start":{"line":14,"column":2},"end":{"line":23,"column":3}},"7":{"start":{"line":15,"column":20},"end":{"line":15,"column":50}},"8":{"start":{"line":16,"column":4},"end":{"line":16,"column":32}},"9":{"start":{"line":17,"column":4},"end":{"line":17,"column":11}},"10":{"start":{"line":19,"column":4},"end":{"line":22,"column":7}},"11":{"start":{"line":26,"column":0},"end":{"line":26,"column":39}}},"fnMap":{"0":{"name":"(anonymous_0)","decl":{"start":{"line":3,"column":26},"end":{"line":3,"column":27}},"loc":{"start":{"line":3,"column":46},"end":{"line":24,"column":1}},"line":3}},"branchMap":{"0":{"loc":{"start":{"line":5,"column":16},"end":{"line":5,"column":54}},"type":"binary-expr","locations":[{"start":{"line":5,"column":16},"end":{"line":5,"column":26}},{"start":{"line":5,"column":30},"end":{"line":5,"column":54}}],"line":5},"1":{"loc":{"start":{"line":7,"column":2},"end":{"line":12,"column":3}},"type":"if","locations":[{"start":{"line":7,"column":2},"end":{"line":12,"column":3}},{"start":{},"end":{}}],"line":7}},"s":{"0":3,"1":3,"2":3,"3":3,"4":3,"5":1,"6":2,"7":2,"8":2,"9":2,"10":0,"11":3},"f":{"0":3},"b":{"0":[3,2],"1":[1,2]},"_coverageSchema":"1a1c01bbd47fc00a2c39e90264f33305004495a9","hash":"a084b5cd1069ccf7467d3b20d990d51e4b1730ff"}
,"C:\\Users\\Usuario\\Documents\\GitHub\\P3_32057736\\models\\User.js": {"path":"C:\\Users\\Usuario\\Documents\\GitHub\\P3_32057736\\models\\User.js","statementMap":{"0":{"start":{"line":1,"column":22},"end":{"line":1,"column":42}},"1":{"start":{"line":2,"column":22},"end":{"line":2,"column":51}},"2":{"start":{"line":3,"column":15},"end":{"line":3,"column":34}},"3":{"start":{"line":5,"column":13},"end":{"line":61,"column":2}},"4":{"start":{"line":53,"column":6},"end":{"line":53,"column":59}},"5":{"start":{"line":56,"column":6},"end":{"line":58,"column":7}},"6":{"start":{"line":57,"column":8},"end":{"line":57,"column":61}},"7":{"start":{"line":64,"column":0},"end":{"line":66,"column":2}},"8":{"start":{"line":65,"column":2},"end":{"line":65,"column":55}},"9":{"start":{"line":69,"column":0},"end":{"line":73,"column":2}},"10":{"start":{"line":70,"column":17},"end":{"line":70,"column":34}},"11":{"start":{"line":71,"column":2},"end":{"line":71,"column":25}},"12":{"start":{"line":72,"column":2},"end":{"line":72,"column":16}},"13":{"start":{"line":75,"column":0},"end":{"line":75,"column":22}}},"fnMap":{"0":{"name":"(anonymous_0)","decl":{"start":{"line":52,"column":18},"end":{"line":52,"column":19}},"loc":{"start":{"line":52,"column":34},"end":{"line":54,"column":5}},"line":52},"1":{"name":"(anonymous_1)","decl":{"start":{"line":55,"column":18},"end":{"line":55,"column":19}},"loc":{"start":{"line":55,"column":34},"end":{"line":59,"column":5}},"line":55},"2":{"name":"(anonymous_2)","decl":{"start":{"line":64,"column":34},"end":{"line":64,"column":35}},"loc":{"start":{"line":64,"column":59},"end":{"line":66,"column":1}},"line":64},"3":{"name":"(anonymous_3)","decl":{"start":{"line":69,"column":24},"end":{"line":69,"column":25}},"loc":{"start":{"line":69,"column":35},"end":{"line":73,"column":1}},"line":69}},"branchMap":{"0":{"loc":{"start":{"line":56,"column":6},"end":{"line":58,"column":7}},"type":"if","locations":[{"start":{"line":56,"column":6},"end":{"line":58,"column":7}},{"start":{},"end":{}}],"line":56}},"s":{"0":3,"1":3,"2":3,"3":3,"4":3,"5":0,"6":0,"7":3,"8":0,"9":3,"10":3,"11":3,"12":3,"13":3},"f":{"0":3,"1":0,"2":0,"3":3},"b":{"0":[0,0]},"_coverageSchema":"1a1c01bbd47fc00a2c39e90264f33305004495a9","hash":"d4629790cf0fb1000039a1ae18b475b04e3adc40"}
,"C:\\Users\\Usuario\\Documents\\GitHub\\P3_32057736\\models\\init.js": {"path":"C:\\Users\\Usuario\\Documents\\GitHub\\P3_32057736\\models\\init.js","statementMap":{"0":{"start":{"line":1,"column":22},"end":{"line":1,"column":51}},"1":{"start":{"line":2,"column":13},"end":{"line":2,"column":30}},"2":{"start":{"line":5,"column":2},"end":{"line":49,"column":3}},"3":{"start":{"line":6,"column":4},"end":{"line":8,"column":5}},"4":{"start":{"line":7,"column":6},"end":{"line":7,"column":55}},"5":{"start":{"line":11,"column":4},"end":{"line":11,"column":35}},"6":{"start":{"line":13,"column":4},"end":{"line":15,"column":5}},"7":{"start":{"line":14,"column":6},"end":{"line":14,"column":78}},"8":{"start":{"line":18,"column":4},"end":{"line":21,"column":7}},"9":{"start":{"line":23,"column":4},"end":{"line":25,"column":5}},"10":{"start":{"line":24,"column":6},"end":{"line":24,"column":67}},"11":{"start":{"line":28,"column":4},"end":{"line":44,"column":5}},"12":{"start":{"line":29,"column":6},"end":{"line":43,"column":7}},"13":{"start":{"line":30,"column":30},"end":{"line":30,"column":91}},"14":{"start":{"line":31,"column":8},"end":{"line":40,"column":9}},"15":{"start":{"line":32,"column":10},"end":{"line":38,"column":13}},"16":{"start":{"line":39,"column":10},"end":{"line":39,"column":86}},"17":{"start":{"line":42,"column":8},"end":{"line":42,"column":77}},"18":{"start":{"line":47,"column":4},"end":{"line":47,"column":68}},"19":{"start":{"line":48,"column":4},"end":{"line":48,"column":16}},"20":{"start":{"line":53,"column":0},"end":{"line":63,"column":1}},"21":{"start":{"line":54,"column":2},"end":{"line":62,"column":7}},"22":{"start":{"line":56,"column":6},"end":{"line":56,"column":49}},"23":{"start":{"line":57,"column":6},"end":{"line":57,"column":22}},"24":{"start":{"line":60,"column":6},"end":{"line":60,"column":65}},"25":{"start":{"line":61,"column":6},"end":{"line":61,"column":22}},"26":{"start":{"line":65,"column":0},"end":{"line":65,"column":36}}},"fnMap":{"0":{"name":"initializeDatabase","decl":{"start":{"line":4,"column":15},"end":{"line":4,"column":33}},"loc":{"start":{"line":4,"column":36},"end":{"line":50,"column":1}},"line":4},"1":{"name":"(anonymous_1)","decl":{"start":{"line":55,"column":10},"end":{"line":55,"column":11}},"loc":{"start":{"line":55,"column":16},"end":{"line":58,"column":5}},"line":55},"2":{"name":"(anonymous_2)","decl":{"start":{"line":59,"column":11},"end":{"line":59,"column":12}},"loc":{"start":{"line":59,"column":20},"end":{"line":62,"column":5}},"line":59}},"branchMap":{"0":{"loc":{"start":{"line":6,"column":4},"end":{"line":8,"column":5}},"type":"if","locations":[{"start":{"line":6,"column":4},"end":{"line":8,"column":5}},{"start":{},"end":{}}],"line":6},"1":{"loc":{"start":{"line":13,"column":4},"end":{"line":15,"column":5}},"type":"if","locations":[{"start":{"line":13,"column":4},"end":{"line":15,"column":5}},{"start":{},"end":{}}],"line":13},"2":{"loc":{"start":{"line":23,"column":4},"end":{"line":25,"column":5}},"type":"if","locations":[{"start":{"line":23,"column":4},"end":{"line":25,"column":5}},{"start":{},"end":{}}],"line":23},"3":{"loc":{"start":{"line":28,"column":4},"end":{"line":44,"column":5}},"type":"if","locations":[{"start":{"line":28,"column":4},"end":{"line":44,"column":5}},{"start":{},"end":{}}],"line":28},"4":{"loc":{"start":{"line":31,"column":8},"end":{"line":40,"column":9}},"type":"if","locations":[{"start":{"line":31,"column":8},"end":{"line":40,"column":9}},{"start":{},"end":{}}],"line":31},"5":{"loc":{"start":{"line":53,"column":0},"end":{"line":63,"column":1}},"type":"if","locations":[{"start":{"line":53,"column":0},"end":{"line":63,"column":1}},{"start":{},"end":{}}],"line":53}},"s":{"0":3,"1":3,"2":3,"3":3,"4":0,"5":3,"6":3,"7":0,"8":3,"9":2,"10":0,"11":2,"12":0,"13":0,"14":0,"15":0,"16":0,"17":0,"18":0,"19":0,"20":3,"21":0,"22":0,"23":0,"24":0,"25":0,"26":3},"f":{"0":3,"1":0,"2":0},"b":{"0":[0,3],"1":[0,3],"2":[0,2],"3":[0,2],"4":[0,0],"5":[0,3]},"_coverageSchema":"1a1c01bbd47fc00a2c39e90264f33305004495a9","hash":"1648fda0c0bd31a0302b79486e1a5b410e9138fa"}
,"C:\\Users\\Usuario\\Documents\\GitHub\\P3_32057736\\routes\\auth.js": {"path":"C:\\Users\\Usuario\\Documents\\GitHub\\P3_32057736\\routes\\auth.js","statementMap":{},"fnMap":{},"branchMap":{},"s":{},"f":{},"b":{}}
,"C:\\Users\\Usuario\\Documents\\GitHub\\P3_32057736\\routes\\index.js": {"path":"C:\\Users\\Usuario\\Documents\\GitHub\\P3_32057736\\routes\\index.js","statementMap":{"0":{"start":{"line":1,"column":14},"end":{"line":1,"column":32}},"1":{"start":{"line":2,"column":13},"end":{"line":2,"column":29}},"2":{"start":{"line":5,"column":0},"end":{"line":7,"column":3}},"3":{"start":{"line":6,"column":2},"end":{"line":6,"column":44}},"4":{"start":{"line":9,"column":0},"end":{"line":9,"column":24}}},"fnMap":{"0":{"name":"(anonymous_0)","decl":{"start":{"line":5,"column":16},"end":{"line":5,"column":17}},"loc":{"start":{"line":5,"column":41},"end":{"line":7,"column":1}},"line":5}},"branchMap":{},"s":{"0":0,"1":0,"2":0,"3":0,"4":0},"f":{"0":0},"b":{}}
,"C:\\Users\\Usuario\\Documents\\GitHub\\P3_32057736\\routes\\users.js": {"path":"C:\\Users\\Usuario\\Documents\\GitHub\\P3_32057736\\routes\\users.js","statementMap":{"0":{"start":{"line":1,"column":14},"end":{"line":1,"column":32}},"1":{"start":{"line":2,"column":13},"end":{"line":2,"column":29}},"2":{"start":{"line":5,"column":0},"end":{"line":7,"column":3}},"3":{"start":{"line":6,"column":2},"end":{"line":6,"column":38}},"4":{"start":{"line":9,"column":0},"end":{"line":9,"column":24}}},"fnMap":{"0":{"name":"(anonymous_0)","decl":{"start":{"line":5,"column":16},"end":{"line":5,"column":17}},"loc":{"start":{"line":5,"column":41},"end":{"line":7,"column":1}},"line":5}},"branchMap":{},"s":{"0":0,"1":0,"2":0,"3":0,"4":0},"f":{"0":0},"b":{}}
,"C:\\Users\\Usuario\\Documents\\GitHub\\P3_32057736\\services\\authService.js": {"path":"C:\\Users\\Usuario\\Documents\\GitHub\\P3_32057736\\services\\authService.js","statementMap":{"0":{"start":{"line":1,"column":12},"end":{"line":1,"column":35}},"1":{"start":{"line":2,"column":13},"end":{"line":2,"column":38}},"2":{"start":{"line":6,"column":4},"end":{"line":10,"column":6}},"3":{"start":{"line":14,"column":4},"end":{"line":14,"column":90}},"4":{"start":{"line":18,"column":24},"end":{"line":18,"column":48}},"5":{"start":{"line":19,"column":17},"end":{"line":19,"column":55}},"6":{"start":{"line":21,"column":18},"end":{"line":21,"column":45}},"7":{"start":{"line":22,"column":4},"end":{"line":28,"column":6}},"8":{"start":{"line":32,"column":17},"end":{"line":32,"column":57}},"9":{"start":{"line":33,"column":4},"end":{"line":35,"column":5}},"10":{"start":{"line":34,"column":6},"end":{"line":34,"column":48}},"11":{"start":{"line":37,"column":28},"end":{"line":37,"column":65}},"12":{"start":{"line":38,"column":4},"end":{"line":40,"column":5}},"13":{"start":{"line":39,"column":6},"end":{"line":39,"column":48}},"14":{"start":{"line":42,"column":18},"end":{"line":42,"column":45}},"15":{"start":{"line":44,"column":4},"end":{"line":50,"column":6}},"16":{"start":{"line":54,"column":0},"end":{"line":54,"column":35}}},"fnMap":{"0":{"name":"(anonymous_0)","decl":{"start":{"line":5,"column":2},"end":{"line":5,"column":3}},"loc":{"start":{"line":5,"column":24},"end":{"line":11,"column":3}},"line":5},"1":{"name":"(anonymous_1)","decl":{"start":{"line":13,"column":2},"end":{"line":13,"column":3}},"loc":{"start":{"line":13,"column":21},"end":{"line":15,"column":3}},"line":13},"2":{"name":"(anonymous_2)","decl":{"start":{"line":17,"column":2},"end":{"line":17,"column":3}},"loc":{"start":{"line":17,"column":27},"end":{"line":29,"column":3}},"line":17},"3":{"name":"(anonymous_3)","decl":{"start":{"line":31,"column":2},"end":{"line":31,"column":3}},"loc":{"start":{"line":31,"column":31},"end":{"line":51,"column":3}},"line":31}},"branchMap":{"0":{"loc":{"start":{"line":8,"column":6},"end":{"line":8,"column":65}},"type":"binary-expr","locations":[{"start":{"line":8,"column":6},"end":{"line":8,"column":28}},{"start":{"line":8,"column":32},"end":{"line":8,"column":65}}],"line":8},"1":{"loc":{"start":{"line":14,"column":29},"end":{"line":14,"column":88}},"type":"binary-expr","locations":[{"start":{"line":14,"column":29},"end":{"line":14,"column":51}},{"start":{"line":14,"column":55},"end":{"line":14,"column":88}}],"line":14},"2":{"loc":{"start":{"line":33,"column":4},"end":{"line":35,"column":5}},"type":"if","locations":[{"start":{"line":33,"column":4},"end":{"line":35,"column":5}},{"start":{},"end":{}}],"line":33},"3":{"loc":{"start":{"line":38,"column":4},"end":{"line":40,"column":5}},"type":"if","locations":[{"start":{"line":38,"column":4},"end":{"line":40,"column":5}},{"start":{},"end":{}}],"line":38}},"s":{"0":3,"1":3,"2":2,"3":2,"4":1,"5":1,"6":1,"7":1,"8":0,"9":0,"10":0,"11":0,"12":0,"13":0,"14":0,"15":0,"16":3},"f":{"0":2,"1":2,"2":1,"3":0},"b":{"0":[2,2],"1":[2,2],"2":[0,0],"3":[0,0]},"_coverageSchema":"1a1c01bbd47fc00a2c39e90264f33305004495a9","hash":"e835fb7009280cac47f3fedaa6f5a52a146d6333"}
,"C:\\Users\\Usuario\\Documents\\GitHub\\P3_32057736\\services\\userService.js": {"path":"C:\\Users\\Usuario\\Documents\\GitHub\\P3_32057736\\services\\userService.js","statementMap":{"0":{"start":{"line":1,"column":13},"end":{"line":1,"column":38}},"1":{"start":{"line":5,"column":4},"end":{"line":5,"column":32}},"2":{"start":{"line":9,"column":17},"end":{"line":9,"column":40}},"3":{"start":{"line":10,"column":4},"end":{"line":12,"column":5}},"4":{"start":{"line":11,"column":6},"end":{"line":11,"column":47}},"5":{"start":{"line":13,"column":4},"end":{"line":13,"column":16}},"6":{"start":{"line":18,"column":25},"end":{"line":18,"column":81}},"7":{"start":{"line":19,"column":4},"end":{"line":21,"column":5}},"8":{"start":{"line":20,"column":6},"end":{"line":20,"column":53}},"9":{"start":{"line":24,"column":27},"end":{"line":24,"column":85}},"10":{"start":{"line":25,"column":4},"end":{"line":27,"column":5}},"11":{"start":{"line":26,"column":6},"end":{"line":26,"column":54}},"12":{"start":{"line":29,"column":4},"end":{"line":29,"column":39}},"13":{"start":{"line":33,"column":17},"end":{"line":33,"column":43}},"14":{"start":{"line":36,"column":4},"end":{"line":41,"column":5}},"15":{"start":{"line":37,"column":27},"end":{"line":37,"column":83}},"16":{"start":{"line":38,"column":6},"end":{"line":40,"column":7}},"17":{"start":{"line":39,"column":8},"end":{"line":39,"column":55}},"18":{"start":{"line":43,"column":4},"end":{"line":43,"column":39}},"19":{"start":{"line":47,"column":17},"end":{"line":47,"column":43}},"20":{"start":{"line":48,"column":4},"end":{"line":48,"column":25}},"21":{"start":{"line":49,"column":4},"end":{"line":49,"column":58}},"22":{"start":{"line":53,"column":0},"end":{"line":53,"column":35}}},"fnMap":{"0":{"name":"(anonymous_0)","decl":{"start":{"line":4,"column":2},"end":{"line":4,"column":3}},"loc":{"start":{"line":4,"column":22},"end":{"line":6,"column":3}},"line":4},"1":{"name":"(anonymous_1)","decl":{"start":{"line":8,"column":2},"end":{"line":8,"column":3}},"loc":{"start":{"line":8,"column":24},"end":{"line":14,"column":3}},"line":8},"2":{"name":"(anonymous_2)","decl":{"start":{"line":16,"column":2},"end":{"line":16,"column":3}},"loc":{"start":{"line":16,"column":29},"end":{"line":30,"column":3}},"line":16},"3":{"name":"(anonymous_3)","decl":{"start":{"line":32,"column":2},"end":{"line":32,"column":3}},"loc":{"start":{"line":32,"column":33},"end":{"line":44,"column":3}},"line":32},"4":{"name":"(anonymous_4)","decl":{"start":{"line":46,"column":2},"end":{"line":46,"column":3}},"loc":{"start":{"line":46,"column":23},"end":{"line":50,"column":3}},"line":46}},"branchMap":{"0":{"loc":{"start":{"line":10,"column":4},"end":{"line":12,"column":5}},"type":"if","locations":[{"start":{"line":10,"column":4},"end":{"line":12,"column":5}},{"start":{},"end":{}}],"line":10},"1":{"loc":{"start":{"line":19,"column":4},"end":{"line":21,"column":5}},"type":"if","locations":[{"start":{"line":19,"column":4},"end":{"line":21,"column":5}},{"start":{},"end":{}}],"line":19},"2":{"loc":{"start":{"line":25,"column":4},"end":{"line":27,"column":5}},"type":"if","locations":[{"start":{"line":25,"column":4},"end":{"line":27,"column":5}},{"start":{},"end":{}}],"line":25},"3":{"loc":{"start":{"line":36,"column":4},"end":{"line":41,"column":5}},"type":"if","locations":[{"start":{"line":36,"column":4},"end":{"line":41,"column":5}},{"start":{},"end":{}}],"line":36},"4":{"loc":{"start":{"line":36,"column":8},"end":{"line":36,"column":55}},"type":"binary-expr","locations":[{"start":{"line":36,"column":8},"end":{"line":36,"column":22}},{"start":{"line":36,"column":26},"end":{"line":36,"column":55}}],"line":36},"5":{"loc":{"start":{"line":38,"column":6},"end":{"line":40,"column":7}},"type":"if","locations":[{"start":{"line":38,"column":6},"end":{"line":40,"column":7}},{"start":{},"end":{}}],"line":38}},"s":{"0":3,"1":1,"2":0,"3":0,"4":0,"5":0,"6":3,"7":3,"8":0,"9":3,"10":3,"11":0,"12":3,"13":0,"14":0,"15":0,"16":0,"17":0,"18":0,"19":0,"20":0,"21":0,"22":3},"f":{"0":1,"1":0,"2":3,"3":0,"4":0},"b":{"0":[0,0],"1":[0,3],"2":[0,3],"3":[0,0],"4":[0,0],"5":[0,0]},"_coverageSchema":"1a1c01bbd47fc00a2c39e90264f33305004495a9","hash":"66bbe8badeca1206bc28887e271bb0960721291c"}
}
