TN:
SF:app.js
FN:59,(anonymous_0)
FN:70,(anonymous_1)
FN:74,(anonymous_2)
FN:85,(anonymous_3)
FN:97,(anonymous_4)
FNF:5
FNH:3
FNDA:0,(anonymous_0)
FNDA:2,(anonymous_1)
FNDA:2,(anonymous_2)
FNDA:0,(anonymous_3)
FNDA:1,(anonymous_4)
DA:1,5
DA:2,5
DA:3,5
DA:4,5
DA:5,5
DA:6,5
DA:10,5
DA:11,5
DA:12,5
DA:13,5
DA:14,5
DA:15,5
DA:18,0
DA:19,0
DA:20,0
DA:21,0
DA:23,0
DA:24,0
DA:28,0
DA:29,0
DA:35,5
DA:38,5
DA:40,5
DA:41,5
DA:42,5
DA:43,5
DA:46,5
DA:47,5
DA:48,5
DA:49,5
DA:50,5
DA:51,5
DA:55,5
DA:56,5
DA:59,5
DA:60,0
DA:63,5
DA:70,5
DA:71,2
DA:74,5
DA:75,2
DA:85,5
DA:86,0
DA:97,5
DA:98,1
DA:105,5
LF:46
LH:36
BRDA:13,0,0,5
BRDA:13,0,1,0
BRDA:20,1,0,0
BRDA:20,1,1,0
BRDA:20,2,0,0
BRDA:20,2,1,0
BRDA:28,3,0,0
BRDA:28,3,1,0
BRF:8
BRH:1
end_of_record
TN:
SF:database.js
FN:36,(anonymous_0)
FN:39,(anonymous_1)
FN:47,(anonymous_2)
FN:52,(anonymous_3)
FNF:4
FNH:0
FNDA:0,(anonymous_0)
FNDA:0,(anonymous_1)
FNDA:0,(anonymous_2)
FNDA:0,(anonymous_3)
DA:2,0
DA:3,0
DA:5,0
DA:12,0
DA:37,0
DA:40,0
DA:41,0
DA:47,0
DA:48,0
DA:52,0
DA:53,0
DA:54,0
DA:55,0
DA:56,0
DA:59,0
DA:63,0
LF:16
LH:0
BRDA:7,0,0,0
BRDA:7,0,1,0
BRDA:40,1,0,0
BRDA:40,1,1,0
BRDA:55,2,0,0
BRDA:55,2,1,0
BRF:6
BRH:0
end_of_record
TN:
SF:config\database.js
FNF:0
FNH:0
DA:1,5
DA:2,5
DA:4,5
DA:24,5
DA:25,5
DA:26,5
DA:27,5
DA:34,5
DA:37,0
LF:9
LH:8
BRDA:25,0,0,5
BRDA:25,0,1,0
BRDA:37,1,0,0
BRDA:37,1,1,0
BRF:4
BRH:1
end_of_record
TN:
SF:controllers\authController.js
FN:7,(anonymous_0)
FN:59,(anonymous_1)
FNF:2
FNH:2
FNDA:1,(anonymous_0)
FNDA:2,(anonymous_1)
DA:1,5
DA:2,5
DA:3,5
DA:4,5
DA:6,5
DA:8,1
DA:9,1
DA:10,1
DA:13,1
DA:14,1
DA:15,0
DA:22,1
DA:32,1
DA:38,1
DA:51,0
DA:52,0
DA:60,2
DA:61,2
DA:65,2
DA:66,2
DA:69,1
DA:70,1
DA:71,1
DA:73,0
DA:78,2
DA:79,1
DA:85,1
DA:89,2
DA:90,2
DA:91,0
DA:98,2
DA:104,2
DA:117,0
DA:118,0
DA:126,5
LF:35
LH:28
BRDA:10,0,0,1
BRDA:10,0,1,0
BRDA:14,1,0,0
BRDA:14,1,1,1
BRDA:26,2,0,1
BRDA:26,2,1,0
BRDA:27,3,0,1
BRDA:27,3,1,0
BRDA:28,4,0,1
BRDA:28,4,1,1
BRDA:34,5,0,1
BRDA:34,5,1,0
BRDA:69,6,0,1
BRDA:69,6,1,0
BRDA:69,7,0,1
BRDA:69,7,1,1
BRDA:69,7,2,1
BRDA:78,8,0,1
BRDA:78,8,1,1
BRDA:90,9,0,0
BRDA:90,9,1,2
BRDA:100,10,0,2
BRDA:100,10,1,0
BRDA:109,11,0,2
BRDA:109,11,1,0
BRF:25
BRH:16
end_of_record
TN:
SF:controllers\categoryController.js
FN:6,(anonymous_0)
FN:15,(anonymous_1)
FN:27,(anonymous_2)
FN:37,(anonymous_3)
FN:51,(anonymous_4)
FNF:5
FNH:4
FNDA:1,(anonymous_0)
FNDA:0,(anonymous_1)
FNDA:1,(anonymous_2)
FNDA:1,(anonymous_3)
FNDA:1,(anonymous_4)
DA:1,5
DA:2,5
DA:3,5
DA:5,5
DA:7,1
DA:8,1
DA:9,1
DA:11,0
DA:16,0
DA:17,0
DA:18,0
DA:19,0
DA:21,0
DA:23,0
DA:28,1
DA:29,1
DA:30,1
DA:31,1
DA:33,0
DA:38,1
DA:39,1
DA:40,1
DA:41,0
DA:44,1
DA:45,1
DA:47,0
DA:52,1
DA:53,1
DA:54,1
DA:55,0
DA:58,1
DA:59,1
DA:61,1
DA:62,1
DA:64,0
DA:69,5
LF:36
LH:24
BRDA:18,0,0,0
BRDA:18,0,1,0
BRDA:40,1,0,0
BRDA:40,1,1,1
BRDA:54,2,0,0
BRDA:54,2,1,1
BRDA:58,3,0,1
BRDA:58,3,1,0
BRF:8
BRH:3
end_of_record
TN:
SF:controllers\productController.js
FN:6,(anonymous_0)
FN:27,(anonymous_1)
FN:49,(anonymous_2)
FN:59,(anonymous_3)
FN:72,(anonymous_4)
FN:82,(anonymous_5)
FN:95,(anonymous_6)
FNF:7
FNH:3
FNDA:12,(anonymous_0)
FNDA:3,(anonymous_1)
FNDA:0,(anonymous_2)
FNDA:0,(anonymous_3)
FNDA:2,(anonymous_4)
FNDA:0,(anonymous_5)
FNDA:0,(anonymous_6)
DA:1,5
DA:2,5
DA:4,5
DA:7,12
DA:8,12
DA:10,12
DA:11,12
DA:15,12
DA:16,12
DA:17,6
DA:19,6
DA:22,0
DA:23,0
DA:28,3
DA:29,3
DA:30,3
DA:32,3
DA:33,0
DA:37,3
DA:38,2
DA:41,1
DA:43,0
DA:44,0
DA:50,0
DA:51,0
DA:52,0
DA:54,0
DA:55,0
DA:60,0
DA:61,0
DA:62,0
DA:63,0
DA:65,0
DA:67,0
DA:68,0
DA:73,2
DA:74,2
DA:75,2
DA:77,0
DA:78,0
DA:83,0
DA:84,0
DA:85,0
DA:86,0
DA:88,0
DA:90,0
DA:91,0
DA:96,0
DA:97,0
DA:98,0
DA:99,0
DA:101,0
DA:103,0
DA:104,0
DA:109,5
LF:55
LH:22
BRDA:10,0,0,12
BRDA:10,0,1,0
BRDA:11,1,0,12
BRDA:11,1,1,0
BRDA:15,2,0,12
BRDA:15,2,1,12
BRDA:16,3,0,6
BRDA:16,3,1,6
BRDA:32,4,0,0
BRDA:32,4,1,3
BRDA:37,5,0,2
BRDA:37,5,1,1
BRDA:62,6,0,0
BRDA:62,6,1,0
BRDA:85,7,0,0
BRDA:85,7,1,0
BRDA:98,8,0,0
BRDA:98,8,1,0
BRF:18
BRH:9
end_of_record
TN:
SF:controllers\tagController.js
FN:5,(anonymous_0)
FN:14,(anonymous_1)
FN:26,(anonymous_2)
FN:36,(anonymous_3)
FN:50,(anonymous_4)
FNF:5
FNH:0
FNDA:0,(anonymous_0)
FNDA:0,(anonymous_1)
FNDA:0,(anonymous_2)
FNDA:0,(anonymous_3)
FNDA:0,(anonymous_4)
DA:1,5
DA:2,5
DA:4,5
DA:6,0
DA:7,0
DA:8,0
DA:10,0
DA:15,0
DA:16,0
DA:17,0
DA:18,0
DA:20,0
DA:22,0
DA:27,0
DA:28,0
DA:29,0
DA:30,0
DA:32,0
DA:37,0
DA:38,0
DA:39,0
DA:40,0
DA:43,0
DA:44,0
DA:46,0
DA:51,0
DA:52,0
DA:53,0
DA:54,0
DA:57,0
DA:58,0
DA:60,0
DA:65,5
LF:33
LH:4
BRDA:17,0,0,0
BRDA:17,0,1,0
BRDA:39,1,0,0
BRDA:39,1,1,0
BRDA:53,2,0,0
BRDA:53,2,1,0
BRF:6
BRH:0
end_of_record
TN:
SF:controllers\userController.js
FN:5,(anonymous_0)
FN:22,(anonymous_1)
FN:48,(anonymous_2)
FN:80,(anonymous_3)
FN:108,(anonymous_4)
FNF:5
FNH:2
FNDA:2,(anonymous_0)
FNDA:0,(anonymous_1)
FNDA:0,(anonymous_2)
FNDA:0,(anonymous_3)
FNDA:1,(anonymous_4)
DA:1,5
DA:2,5
DA:4,5
DA:6,2
DA:7,2
DA:10,2
DA:15,0
DA:23,0
DA:24,0
DA:25,0
DA:29,0
DA:30,0
DA:36,0
DA:41,0
DA:49,0
DA:50,0
DA:51,0
DA:53,0
DA:54,0
DA:55,0
DA:61,0
DA:63,0
DA:73,0
DA:81,0
DA:82,0
DA:83,0
DA:85,0
DA:86,0
DA:92,0
DA:94,0
DA:99,0
DA:108,5
DA:109,1
DA:110,1
DA:111,1
DA:114,1
DA:115,0
DA:119,1
DA:128,1
DA:130,0
DA:131,0
DA:135,5
LF:42
LH:14
BRDA:29,0,0,0
BRDA:29,0,1,0
BRDA:54,1,0,0
BRDA:54,1,1,0
BRDA:85,2,0,0
BRDA:85,2,1,0
BRDA:111,3,0,1
BRDA:111,3,1,0
BRDA:114,4,0,0
BRDA:114,4,1,1
BRDA:114,5,0,1
BRDA:114,5,1,1
BRDA:114,5,2,1
BRDA:123,6,0,1
BRDA:123,6,1,0
BRDA:124,7,0,1
BRDA:124,7,1,0
BRDA:125,8,0,1
BRDA:125,8,1,1
BRF:19
BRH:9
end_of_record
TN:
SF:helpers\responseHelper.js
FN:3,(anonymous_0)
FN:12,(anonymous_1)
FN:16,(anonymous_2)
FNF:3
FNH:1
FNDA:19,(anonymous_0)
FNDA:0,(anonymous_1)
FNDA:0,(anonymous_2)
DA:1,5
DA:4,19
DA:5,19
DA:6,19
DA:7,19
DA:8,19
DA:13,0
DA:17,0
LF:8
LH:6
BRDA:3,0,0,0
BRDA:3,1,0,2
BRDA:3,2,0,4
BRDA:3,3,0,13
BRDA:5,4,0,5
BRDA:5,4,1,14
BRDA:6,5,0,19
BRDA:6,5,1,0
BRDA:7,6,0,6
BRDA:7,6,1,13
BRDA:7,7,0,19
BRDA:7,7,1,6
BRDA:12,8,0,0
BRDA:12,9,0,0
BRDA:16,10,0,0
BRDA:16,11,0,0
BRF:16
BRH:10
end_of_record
TN:
SF:middleware\auth.js
FN:4,(anonymous_0)
FNF:1
FNH:1
FNDA:14,(anonymous_0)
DA:1,5
DA:2,5
DA:4,5
DA:5,14
DA:6,14
DA:8,14
DA:9,5
DA:15,9
DA:16,9
DA:17,9
DA:19,9
DA:20,0
DA:26,9
DA:27,9
DA:29,0
DA:30,0
DA:37,5
LF:17
LH:14
BRDA:8,0,0,5
BRDA:8,0,1,9
BRDA:8,1,0,14
BRDA:8,1,1,9
BRDA:16,2,0,9
BRDA:16,2,1,0
BRDA:19,3,0,0
BRDA:19,3,1,9
BRF:8
BRH:6
end_of_record
TN:
SF:middleware\authMiddleware.js
FNF:0
FNH:0
DA:1,5
LF:1
LH:1
BRF:0
BRH:0
end_of_record
TN:
SF:models\Category.js
FN:3,(anonymous_0)
FNF:1
FNH:1
FNDA:5,(anonymous_0)
DA:1,5
DA:3,5
DA:4,5
DA:23,5
LF:4
LH:4
BRF:0
BRH:0
end_of_record
TN:
SF:models\Product.js
FN:3,(anonymous_0)
FN:79,(anonymous_1)
FNF:2
FNH:2
FNDA:5,(anonymous_0)
FNDA:3,(anonymous_1)
DA:1,5
DA:3,5
DA:4,5
DA:80,3
DA:81,2
DA:91,5
LF:6
LH:6
BRDA:80,0,0,2
BRDA:80,0,1,1
BRDA:80,1,0,3
BRDA:80,1,1,3
BRF:4
BRH:4
end_of_record
TN:
SF:models\Tag.js
FN:3,(anonymous_0)
FNF:1
FNH:1
FNDA:5,(anonymous_0)
DA:1,5
DA:3,5
DA:4,5
DA:20,5
LF:4
LH:4
BRF:0
BRH:0
end_of_record
TN:
SF:models\User.js
FN:4,(anonymous_0)
FN:9,(anonymous_1)
FN:14,(anonymous_2)
FN:54,(anonymous_3)
FN:63,(anonymous_4)
FN:66,(anonymous_5)
FN:74,(anonymous_6)
FN:78,(anonymous_7)
FNF:8
FNH:6
FNDA:5,(anonymous_0)
FNDA:1,(anonymous_1)
FNDA:6,(anonymous_2)
FNDA:5,(anonymous_3)
FNDA:5,(anonymous_4)
FNDA:0,(anonymous_5)
FNDA:0,(anonymous_6)
FNDA:2,(anonymous_7)
DA:1,5
DA:2,5
DA:4,5
DA:5,5
DA:11,1
DA:12,1
DA:15,6
DA:57,5
DA:58,5
DA:59,0
DA:64,5
DA:67,0
DA:68,0
DA:74,5
DA:75,0
DA:78,5
DA:79,2
DA:80,2
DA:81,2
DA:84,5
LF:20
LH:16
BRDA:57,0,0,5
BRDA:57,0,1,5
BRDA:57,0,2,5
BRDA:57,0,3,4
BRDA:58,1,0,0
BRDA:58,1,1,5
BRDA:58,2,0,5
BRDA:58,2,1,5
BRDA:67,3,0,0
BRDA:67,3,1,0
BRF:10
BRH:7
end_of_record
TN:
SF:models\index.js
FNF:0
FNH:0
DA:1,5
DA:2,5
DA:5,5
DA:7,5
DA:8,5
DA:10,0
DA:11,0
DA:18,5
DA:19,5
DA:20,5
DA:23,5
DA:24,5
DA:25,5
DA:26,5
DA:29,5
DA:33,5
DA:38,5
DA:44,5
DA:51,5
LF:19
LH:17
BRDA:5,0,0,5
BRDA:5,0,1,0
BRDA:7,1,0,5
BRDA:7,1,1,0
BRDA:7,2,0,5
BRDA:7,2,1,5
BRF:6
BRH:4
end_of_record
TN:
SF:models\init.js
FN:4,initializeDatabase
FN:55,(anonymous_1)
FN:59,(anonymous_2)
FNF:3
FNH:0
FNDA:0,initializeDatabase
FNDA:0,(anonymous_1)
FNDA:0,(anonymous_2)
DA:1,0
DA:2,0
DA:5,0
DA:6,0
DA:7,0
DA:11,0
DA:13,0
DA:14,0
DA:18,0
DA:23,0
DA:24,0
DA:28,0
DA:29,0
DA:30,0
DA:31,0
DA:32,0
DA:39,0
DA:42,0
DA:47,0
DA:48,0
DA:53,0
DA:54,0
DA:56,0
DA:57,0
DA:60,0
DA:61,0
DA:65,0
LF:27
LH:0
BRDA:6,0,0,0
BRDA:6,0,1,0
BRDA:13,1,0,0
BRDA:13,1,1,0
BRDA:23,2,0,0
BRDA:23,2,1,0
BRDA:28,3,0,0
BRDA:28,3,1,0
BRDA:31,4,0,0
BRDA:31,4,1,0
BRDA:53,5,0,0
BRDA:53,5,1,0
BRF:12
BRH:0
end_of_record
TN:
SF:repositories\ProductRepository.js
FN:5,(anonymous_0)
FN:14,(anonymous_1)
FN:23,(anonymous_2)
FN:33,(anonymous_3)
FN:46,(anonymous_4)
FN:46,(anonymous_5)
FN:50,(anonymous_6)
FN:60,(anonymous_7)
FN:67,(anonymous_8)
FN:67,(anonymous_9)
FN:71,(anonymous_10)
FN:82,(anonymous_11)
FN:90,(anonymous_12)
FNF:13
FNH:5
FNDA:0,(anonymous_0)
FNDA:5,(anonymous_1)
FNDA:0,(anonymous_2)
FNDA:2,(anonymous_3)
FNDA:1,(anonymous_4)
FNDA:1,(anonymous_5)
FNDA:0,(anonymous_6)
FNDA:0,(anonymous_7)
FNDA:0,(anonymous_8)
FNDA:0,(anonymous_9)
FNDA:0,(anonymous_10)
FNDA:0,(anonymous_11)
FNDA:12,(anonymous_12)
DA:1,5
DA:2,5
DA:6,0
DA:15,5
DA:24,0
DA:35,2
DA:36,2
DA:37,2
DA:38,2
DA:39,2
DA:41,2
DA:43,2
DA:46,1
DA:47,1
DA:48,1
DA:49,1
DA:50,1
DA:51,1
DA:52,0
DA:57,2
DA:61,0
DA:62,0
DA:64,0
DA:66,0
DA:67,0
DA:68,0
DA:69,0
DA:70,0
DA:71,0
DA:72,0
DA:75,0
DA:79,0
DA:83,0
DA:84,0
DA:86,0
DA:87,0
DA:91,12
DA:94,12
DA:95,12
DA:96,12
DA:97,12
DA:98,12
DA:99,12
DA:100,12
DA:101,12
DA:103,12
DA:104,12
DA:105,12
DA:106,12
DA:108,12
DA:112,5
LF:51
LH:32
BRDA:36,0,0,1
BRDA:36,0,1,1
BRDA:37,1,0,1
BRDA:37,1,1,1
BRDA:38,2,0,1
BRDA:38,2,1,1
BRDA:39,3,0,2
BRDA:39,3,1,0
BRDA:43,4,0,1
BRDA:43,4,1,1
BRDA:43,5,0,2
BRDA:43,5,1,1
BRDA:46,6,0,1
BRDA:46,6,1,0
BRDA:47,7,0,1
BRDA:47,7,1,0
BRDA:51,8,0,0
BRDA:51,8,1,1
BRDA:62,9,0,0
BRDA:62,9,1,0
BRDA:66,10,0,0
BRDA:66,10,1,0
BRDA:67,11,0,0
BRDA:67,11,1,0
BRDA:68,12,0,0
BRDA:68,12,1,0
BRDA:84,13,0,0
BRDA:84,13,1,0
BRDA:94,14,0,1
BRDA:94,14,1,11
BRDA:95,15,0,0
BRDA:95,15,1,12
BRDA:96,16,0,0
BRDA:96,16,1,12
BRDA:97,17,0,2
BRDA:97,17,1,10
BRDA:97,18,0,12
BRDA:97,18,1,10
BRDA:98,19,0,2
BRDA:98,19,1,10
BRDA:99,20,0,1
BRDA:99,20,1,11
BRDA:100,21,0,1
BRDA:100,21,1,11
BRDA:101,22,0,1
BRDA:101,22,1,11
BRDA:103,23,0,2
BRDA:103,23,1,10
BRDA:103,24,0,2
BRDA:103,24,1,2
BRDA:104,25,0,0
BRDA:104,25,1,12
BRDA:104,26,0,0
BRDA:104,26,1,0
BRDA:105,27,0,0
BRDA:105,27,1,12
BRDA:105,28,0,0
BRDA:105,28,1,0
BRDA:106,29,0,0
BRDA:106,29,1,12
BRDA:106,30,0,0
BRDA:106,30,1,0
BRF:62
BRH:37
end_of_record
TN:
SF:routes\auth.js
FNF:0
FNH:0
DA:1,5
DA:2,5
DA:3,5
DA:5,5
DA:6,5
DA:8,5
LF:6
LH:6
BRF:0
BRH:0
end_of_record
TN:
SF:routes\categories.js
FNF:0
FNH:0
DA:1,5
DA:2,5
DA:3,5
DA:4,5
DA:7,5
DA:9,5
DA:10,5
DA:11,5
DA:12,5
DA:13,5
DA:15,5
LF:11
LH:11
BRF:0
BRH:0
end_of_record
TN:
SF:routes\index.js
FN:5,(anonymous_0)
FNF:1
FNH:0
FNDA:0,(anonymous_0)
DA:1,0
DA:2,0
DA:5,0
DA:6,0
DA:9,0
LF:5
LH:0
BRF:0
BRH:0
end_of_record
TN:
SF:routes\products.js
FNF:0
FNH:0
DA:1,5
DA:2,5
DA:3,5
DA:4,5
DA:7,5
DA:8,5
DA:11,5
DA:12,5
DA:13,5
DA:14,5
DA:15,5
DA:16,5
DA:18,5
LF:13
LH:13
BRF:0
BRH:0
end_of_record
TN:
SF:routes\tags.js
FNF:0
FNH:0
DA:1,5
DA:2,5
DA:3,5
DA:4,5
DA:7,5
DA:9,5
DA:10,5
DA:11,5
DA:12,5
DA:13,5
DA:15,5
LF:11
LH:11
BRF:0
BRH:0
end_of_record
TN:
SF:routes\users.js
FNF:0
FNH:0
DA:1,5
DA:2,5
DA:3,5
DA:4,5
DA:7,5
DA:10,5
DA:11,5
DA:12,5
DA:13,5
DA:14,5
DA:16,5
LF:11
LH:11
BRF:0
BRH:0
end_of_record
TN:
SF:scripts\runSeed.js
FN:5,(anonymous_0)
FNF:1
FNH:0
FNDA:0,(anonymous_0)
DA:2,0
DA:3,0
DA:5,0
DA:6,0
DA:7,0
DA:8,0
DA:10,0
DA:11,0
DA:13,0
DA:14,0
DA:18,0
LF:11
LH:0
BRF:0
BRH:0
end_of_record
TN:
SF:scripts\seedData.js
FN:4,(anonymous_0)
FNF:1
FNH:0
FNDA:0,(anonymous_0)
DA:2,0
DA:4,0
DA:5,0
DA:7,0
DA:27,0
DA:41,0
DA:203,0
DA:204,0
DA:207,0
DA:212,0
DA:217,0
DA:218,0
DA:221,0
DA:224,0
DA:226,0
DA:230,0
LF:16
LH:0
BRDA:217,0,0,0
BRDA:217,0,1,0
BRDA:217,1,0,0
BRDA:217,1,1,0
BRF:4
BRH:0
end_of_record
TN:
SF:services\ProductQueryBuilder.js
FN:5,(anonymous_0)
FN:25,(anonymous_1)
FN:29,(anonymous_2)
FN:39,(anonymous_3)
FN:51,(anonymous_4)
FN:54,(anonymous_5)
FN:54,(anonymous_6)
FN:60,(anonymous_7)
FN:70,(anonymous_8)
FN:74,(anonymous_9)
FN:86,(anonymous_10)
FN:91,(anonymous_11)
FN:96,(anonymous_12)
FN:101,(anonymous_13)
FN:106,(anonymous_14)
FN:111,(anonymous_15)
FN:116,(anonymous_16)
FN:121,(anonymous_17)
FN:126,(anonymous_18)
FN:133,(anonymous_19)
FN:138,(anonymous_20)
FN:143,(anonymous_21)
FN:147,(anonymous_22)
FNF:23
FNH:12
FNDA:12,(anonymous_0)
FNDA:2,(anonymous_1)
FNDA:1,(anonymous_2)
FNDA:0,(anonymous_3)
FNDA:0,(anonymous_4)
FNDA:0,(anonymous_5)
FNDA:0,(anonymous_6)
FNDA:2,(anonymous_7)
FNDA:2,(anonymous_8)
FNDA:2,(anonymous_9)
FNDA:1,(anonymous_10)
FNDA:1,(anonymous_11)
FNDA:1,(anonymous_12)
FNDA:0,(anonymous_13)
FNDA:0,(anonymous_14)
FNDA:2,(anonymous_15)
FNDA:0,(anonymous_16)
FNDA:0,(anonymous_17)
FNDA:0,(anonymous_18)
FNDA:0,(anonymous_19)
FNDA:0,(anonymous_20)
FNDA:12,(anonymous_21)
FNDA:12,(anonymous_22)
DA:1,5
DA:2,5
DA:6,12
DA:26,2
DA:30,1
DA:31,1
DA:32,1
DA:33,1
DA:34,1
DA:35,1
DA:36,1
DA:40,0
DA:41,0
DA:48,0
DA:52,0
DA:53,0
DA:54,0
DA:55,0
DA:57,0
DA:61,2
DA:62,2
DA:63,2
DA:64,2
DA:66,2
DA:71,2
DA:75,2
DA:76,2
DA:81,2
DA:83,2
DA:87,1
DA:88,1
DA:92,1
DA:93,1
DA:97,1
DA:98,1
DA:102,0
DA:103,0
DA:107,0
DA:108,0
DA:112,2
DA:113,2
DA:117,0
DA:118,0
DA:122,0
DA:123,0
DA:127,0
DA:128,0
DA:130,0
DA:134,0
DA:135,0
DA:139,0
DA:140,0
DA:144,12
DA:148,12
DA:150,12
DA:151,12
DA:152,0
DA:153,0
DA:154,0
DA:157,12
DA:158,12
DA:159,12
DA:161,12
DA:173,5
LF:64
LH:38
BRDA:26,0,0,2
BRDA:26,0,1,2
BRDA:26,0,2,2
BRDA:29,1,0,0
BRDA:29,2,0,0
BRDA:30,3,0,1
BRDA:30,3,1,0
BRDA:31,4,0,1
BRDA:31,4,1,0
BRDA:32,5,0,0
BRDA:32,5,1,1
BRDA:40,6,0,0
BRDA:40,6,1,0
BRDA:52,7,0,0
BRDA:52,7,1,0
BRDA:53,8,0,0
BRDA:53,8,1,0
BRDA:55,9,0,0
BRDA:55,9,1,0
BRDA:61,10,0,2
BRDA:61,10,1,0
BRDA:61,11,0,2
BRDA:61,11,1,0
BRDA:62,12,0,2
BRDA:62,12,1,2
BRDA:63,13,0,2
BRDA:63,13,1,0
BRDA:63,14,0,2
BRDA:63,14,1,2
BRDA:63,14,2,2
BRDA:64,15,0,2
BRDA:64,15,1,0
BRDA:64,16,0,2
BRDA:64,16,1,2
BRDA:64,16,2,2
BRDA:75,17,0,2
BRDA:75,17,1,0
BRDA:81,18,0,0
BRDA:81,18,1,2
BRDA:87,19,0,1
BRDA:87,19,1,0
BRDA:92,20,0,1
BRDA:92,20,1,0
BRDA:97,21,0,1
BRDA:97,21,1,0
BRDA:102,22,0,0
BRDA:102,22,1,0
BRDA:102,23,0,0
BRDA:102,23,1,0
BRDA:102,23,2,0
BRDA:107,24,0,0
BRDA:107,24,1,0
BRDA:112,25,0,0
BRDA:112,25,1,2
BRDA:112,26,0,2
BRDA:112,26,1,2
BRDA:117,27,0,0
BRDA:117,27,1,0
BRDA:117,28,0,0
BRDA:117,28,1,0
BRDA:122,29,0,0
BRDA:122,29,1,0
BRDA:122,30,0,0
BRDA:122,30,1,0
BRDA:127,31,0,0
BRDA:127,31,1,0
BRDA:127,32,0,0
BRDA:127,32,1,0
BRDA:134,33,0,0
BRDA:134,33,1,0
BRDA:139,34,0,0
BRDA:139,34,1,0
BRDA:151,35,0,12
BRDA:151,35,1,0
BRDA:152,36,0,0
BRDA:152,36,1,0
BRDA:153,37,0,0
BRDA:153,37,1,0
BRDA:153,38,0,0
BRDA:153,38,1,0
BRDA:153,38,2,0
BRDA:157,39,0,1
BRDA:157,39,1,11
BRDA:158,40,0,0
BRDA:158,40,1,12
BRDA:167,41,0,12
BRDA:167,41,1,0
BRF:87
BRH:31
end_of_record
TN:
SF:services\authService.js
FN:5,(anonymous_0)
FN:13,(anonymous_1)
FN:17,(anonymous_2)
FN:31,(anonymous_3)
FNF:4
FNH:1
FNDA:1,(anonymous_0)
FNDA:0,(anonymous_1)
FNDA:0,(anonymous_2)
FNDA:0,(anonymous_3)
DA:1,1
DA:2,1
DA:6,1
DA:14,0
DA:18,0
DA:19,0
DA:21,0
DA:22,0
DA:32,0
DA:33,0
DA:34,0
DA:37,0
DA:38,0
DA:39,0
DA:42,0
DA:44,0
DA:54,1
LF:17
LH:4
BRDA:8,0,0,1
BRDA:8,0,1,0
BRDA:14,1,0,0
BRDA:14,1,1,0
BRDA:33,2,0,0
BRDA:33,2,1,0
BRDA:38,3,0,0
BRDA:38,3,1,0
BRF:8
BRH:1
end_of_record
TN:
SF:services\userService.js
FN:4,(anonymous_0)
FN:8,(anonymous_1)
FN:16,(anonymous_2)
FN:32,(anonymous_3)
FN:46,(anonymous_4)
FNF:5
FNH:1
FNDA:0,(anonymous_0)
FNDA:0,(anonymous_1)
FNDA:1,(anonymous_2)
FNDA:0,(anonymous_3)
FNDA:0,(anonymous_4)
DA:1,1
DA:5,0
DA:9,0
DA:10,0
DA:11,0
DA:13,0
DA:18,1
DA:19,1
DA:20,0
DA:24,1
DA:25,1
DA:26,0
DA:29,1
DA:33,0
DA:36,0
DA:37,0
DA:38,0
DA:39,0
DA:43,0
DA:47,0
DA:48,0
DA:49,0
DA:53,1
LF:23
LH:7
BRDA:10,0,0,0
BRDA:10,0,1,0
BRDA:19,1,0,0
BRDA:19,1,1,1
BRDA:25,2,0,0
BRDA:25,2,1,1
BRDA:36,3,0,0
BRDA:36,3,1,0
BRDA:36,4,0,0
BRDA:36,4,1,0
BRDA:38,5,0,0
BRDA:38,5,1,0
BRF:12
BRH:2
end_of_record
