TN:
SF:app.js
FN:59,(anonymous_0)
FN:70,(anonymous_1)
FN:74,(anonymous_2)
FN:85,(anonymous_3)
FN:97,(anonymous_4)
FNF:5
FNH:3
FNDA:0,(anonymous_0)
FNDA:2,(anonymous_1)
FNDA:2,(anonymous_2)
FNDA:0,(anonymous_3)
FNDA:1,(anonymous_4)
DA:1,5
DA:2,5
DA:3,5
DA:4,5
DA:5,5
DA:6,5
DA:10,5
DA:11,5
DA:12,5
DA:13,5
DA:14,5
DA:15,5
DA:18,0
DA:19,0
DA:20,0
DA:21,0
DA:23,0
DA:24,0
DA:28,0
DA:29,0
DA:35,5
DA:38,5
DA:40,5
DA:41,5
DA:42,5
DA:43,5
DA:46,5
DA:47,5
DA:48,5
DA:49,5
DA:50,5
DA:51,5
DA:55,5
DA:56,5
DA:59,5
DA:60,0
DA:63,5
DA:70,5
DA:71,2
DA:74,5
DA:75,2
DA:85,5
DA:86,0
DA:97,5
DA:98,1
DA:105,5
LF:46
LH:36
BRDA:13,0,0,5
BRDA:13,0,1,0
BRDA:20,1,0,0
BRDA:20,1,1,0
BRDA:20,2,0,0
BRDA:20,2,1,0
BRDA:28,3,0,0
BRDA:28,3,1,0
BRF:8
BRH:1
end_of_record
TN:
SF:database.js
FN:36,(anonymous_0)
FN:39,(anonymous_1)
FN:47,(anonymous_2)
FN:52,(anonymous_3)
FNF:4
FNH:0
FNDA:0,(anonymous_0)
FNDA:0,(anonymous_1)
FNDA:0,(anonymous_2)
FNDA:0,(anonymous_3)
DA:2,0
DA:3,0
DA:5,0
DA:12,0
DA:37,0
DA:40,0
DA:41,0
DA:47,0
DA:48,0
DA:52,0
DA:53,0
DA:54,0
DA:55,0
DA:56,0
DA:59,0
DA:63,0
LF:16
LH:0
BRDA:7,0,0,0
BRDA:7,0,1,0
BRDA:40,1,0,0
BRDA:40,1,1,0
BRDA:55,2,0,0
BRDA:55,2,1,0
BRF:6
BRH:0
end_of_record
TN:
SF:config\database.js
FNF:0
FNH:0
DA:1,5
DA:2,5
DA:4,5
DA:24,5
DA:25,5
DA:26,5
DA:27,5
DA:34,5
DA:37,0
LF:9
LH:8
BRDA:25,0,0,5
BRDA:25,0,1,0
BRDA:37,1,0,0
BRDA:37,1,1,0
BRF:4
BRH:1
end_of_record
TN:
SF:controllers\authController.js
FN:7,(anonymous_0)
FN:59,(anonymous_1)
FNF:2
FNH:2
FNDA:1,(anonymous_0)
FNDA:1,(anonymous_1)
DA:1,5
DA:2,5
DA:3,5
DA:4,5
DA:6,5
DA:8,1
DA:9,1
DA:10,1
DA:13,1
DA:14,1
DA:15,0
DA:22,1
DA:32,1
DA:38,1
DA:51,0
DA:52,0
DA:60,1
DA:61,1
DA:65,1
DA:66,1
DA:69,1
DA:70,1
DA:71,1
DA:73,0
DA:78,1
DA:79,1
DA:85,1
DA:89,1
DA:90,1
DA:91,0
DA:98,1
DA:104,1
DA:117,0
DA:118,0
DA:126,5
LF:35
LH:28
BRDA:10,0,0,1
BRDA:10,0,1,0
BRDA:14,1,0,0
BRDA:14,1,1,1
BRDA:26,2,0,1
BRDA:26,2,1,0
BRDA:27,3,0,1
BRDA:27,3,1,0
BRDA:28,4,0,1
BRDA:28,4,1,1
BRDA:34,5,0,1
BRDA:34,5,1,0
BRDA:69,6,0,1
BRDA:69,6,1,0
BRDA:69,7,0,1
BRDA:69,7,1,1
BRDA:69,7,2,1
BRDA:78,8,0,1
BRDA:78,8,1,0
BRDA:90,9,0,0
BRDA:90,9,1,1
BRDA:100,10,0,1
BRDA:100,10,1,0
BRDA:109,11,0,1
BRDA:109,11,1,0
BRF:25
BRH:15
end_of_record
TN:
SF:controllers\categoryController.js
FN:6,(anonymous_0)
FN:15,(anonymous_1)
FN:27,(anonymous_2)
FN:37,(anonymous_3)
FN:51,(anonymous_4)
FNF:5
FNH:4
FNDA:1,(anonymous_0)
FNDA:0,(anonymous_1)
FNDA:1,(anonymous_2)
FNDA:1,(anonymous_3)
FNDA:1,(anonymous_4)
DA:1,5
DA:2,5
DA:3,5
DA:5,5
DA:7,1
DA:8,1
DA:9,1
DA:11,0
DA:16,0
DA:17,0
DA:18,0
DA:19,0
DA:21,0
DA:23,0
DA:28,1
DA:29,1
DA:30,1
DA:31,1
DA:33,0
DA:38,1
DA:39,1
DA:40,1
DA:41,0
DA:44,1
DA:45,1
DA:47,0
DA:52,1
DA:53,1
DA:54,1
DA:55,0
DA:58,1
DA:59,1
DA:61,1
DA:62,1
DA:64,0
DA:69,5
LF:36
LH:24
BRDA:18,0,0,0
BRDA:18,0,1,0
BRDA:40,1,0,0
BRDA:40,1,1,1
BRDA:54,2,0,0
BRDA:54,2,1,1
BRDA:58,3,0,1
BRDA:58,3,1,0
BRF:8
BRH:3
end_of_record
TN:
SF:controllers\productController.js
FN:6,(anonymous_0)
FN:19,(anonymous_1)
FN:41,(anonymous_2)
FN:51,(anonymous_3)
FN:64,(anonymous_4)
FN:74,(anonymous_5)
FN:87,(anonymous_6)
FNF:7
FNH:3
FNDA:8,(anonymous_0)
FNDA:2,(anonymous_1)
FNDA:0,(anonymous_2)
FNDA:0,(anonymous_3)
FNDA:1,(anonymous_4)
FNDA:0,(anonymous_5)
FNDA:0,(anonymous_6)
DA:1,5
DA:2,5
DA:4,5
DA:7,8
DA:8,8
DA:10,8
DA:11,8
DA:12,8
DA:14,0
DA:15,0
DA:20,2
DA:21,2
DA:22,2
DA:24,2
DA:25,0
DA:29,2
DA:30,1
DA:33,1
DA:35,0
DA:36,0
DA:42,0
DA:43,0
DA:44,0
DA:46,0
DA:47,0
DA:52,0
DA:53,0
DA:54,0
DA:55,0
DA:57,0
DA:59,0
DA:60,0
DA:65,1
DA:66,1
DA:67,1
DA:69,0
DA:70,0
DA:75,0
DA:76,0
DA:77,0
DA:78,0
DA:80,0
DA:82,0
DA:83,0
DA:88,0
DA:89,0
DA:90,0
DA:91,0
DA:93,0
DA:95,0
DA:96,0
DA:101,5
LF:52
LH:19
BRDA:10,0,0,8
BRDA:10,0,1,0
BRDA:11,1,0,8
BRDA:11,1,1,0
BRDA:24,2,0,0
BRDA:24,2,1,2
BRDA:29,3,0,1
BRDA:29,3,1,1
BRDA:54,4,0,0
BRDA:54,4,1,0
BRDA:77,5,0,0
BRDA:77,5,1,0
BRDA:90,6,0,0
BRDA:90,6,1,0
BRF:14
BRH:5
end_of_record
TN:
SF:controllers\tagController.js
FN:5,(anonymous_0)
FN:14,(anonymous_1)
FN:26,(anonymous_2)
FN:36,(anonymous_3)
FN:50,(anonymous_4)
FNF:5
FNH:0
FNDA:0,(anonymous_0)
FNDA:0,(anonymous_1)
FNDA:0,(anonymous_2)
FNDA:0,(anonymous_3)
FNDA:0,(anonymous_4)
DA:1,5
DA:2,5
DA:4,5
DA:6,0
DA:7,0
DA:8,0
DA:10,0
DA:15,0
DA:16,0
DA:17,0
DA:18,0
DA:20,0
DA:22,0
DA:27,0
DA:28,0
DA:29,0
DA:30,0
DA:32,0
DA:37,0
DA:38,0
DA:39,0
DA:40,0
DA:43,0
DA:44,0
DA:46,0
DA:51,0
DA:52,0
DA:53,0
DA:54,0
DA:57,0
DA:58,0
DA:60,0
DA:65,5
LF:33
LH:4
BRDA:17,0,0,0
BRDA:17,0,1,0
BRDA:39,1,0,0
BRDA:39,1,1,0
BRDA:53,2,0,0
BRDA:53,2,1,0
BRF:6
BRH:0
end_of_record
TN:
SF:controllers\userController.js
FN:5,(anonymous_0)
FN:22,(anonymous_1)
FN:48,(anonymous_2)
FN:80,(anonymous_3)
FN:108,(anonymous_4)
FNF:5
FNH:2
FNDA:2,(anonymous_0)
FNDA:0,(anonymous_1)
FNDA:0,(anonymous_2)
FNDA:0,(anonymous_3)
FNDA:1,(anonymous_4)
DA:1,5
DA:2,5
DA:4,5
DA:6,2
DA:7,2
DA:10,2
DA:15,0
DA:23,0
DA:24,0
DA:25,0
DA:29,0
DA:30,0
DA:36,0
DA:41,0
DA:49,0
DA:50,0
DA:51,0
DA:53,0
DA:54,0
DA:55,0
DA:61,0
DA:63,0
DA:73,0
DA:81,0
DA:82,0
DA:83,0
DA:85,0
DA:86,0
DA:92,0
DA:94,0
DA:99,0
DA:108,5
DA:109,1
DA:110,1
DA:111,1
DA:114,1
DA:115,0
DA:119,1
DA:128,1
DA:130,0
DA:131,0
DA:135,5
LF:42
LH:14
BRDA:29,0,0,0
BRDA:29,0,1,0
BRDA:54,1,0,0
BRDA:54,1,1,0
BRDA:85,2,0,0
BRDA:85,2,1,0
BRDA:111,3,0,1
BRDA:111,3,1,0
BRDA:114,4,0,0
BRDA:114,4,1,1
BRDA:114,5,0,1
BRDA:114,5,1,1
BRDA:114,5,2,1
BRDA:123,6,0,1
BRDA:123,6,1,0
BRDA:124,7,0,1
BRDA:124,7,1,0
BRDA:125,8,0,1
BRDA:125,8,1,1
BRF:19
BRH:9
end_of_record
TN:
SF:helpers\responseHelper.js
FN:3,(anonymous_0)
FN:12,(anonymous_1)
FN:16,(anonymous_2)
FNF:3
FNH:1
FNDA:14,(anonymous_0)
FNDA:0,(anonymous_1)
FNDA:0,(anonymous_2)
DA:1,5
DA:4,14
DA:5,14
DA:6,14
DA:7,14
DA:8,14
DA:13,0
DA:17,0
LF:8
LH:6
BRDA:3,0,0,0
BRDA:3,1,0,2
BRDA:3,2,0,4
BRDA:3,3,0,6
BRDA:5,4,0,4
BRDA:5,4,1,10
BRDA:6,5,0,14
BRDA:6,5,1,0
BRDA:7,6,0,8
BRDA:7,6,1,6
BRDA:7,7,0,14
BRDA:7,7,1,8
BRDA:12,8,0,0
BRDA:12,9,0,0
BRDA:16,10,0,0
BRDA:16,11,0,0
BRF:16
BRH:10
end_of_record
TN:
SF:middleware\auth.js
FN:4,(anonymous_0)
FNF:1
FNH:1
FNDA:13,(anonymous_0)
DA:1,5
DA:2,5
DA:4,5
DA:5,13
DA:6,13
DA:8,13
DA:9,5
DA:15,8
DA:16,8
DA:17,8
DA:19,8
DA:20,0
DA:26,8
DA:27,8
DA:29,0
DA:30,0
DA:37,5
LF:17
LH:14
BRDA:8,0,0,5
BRDA:8,0,1,8
BRDA:8,1,0,13
BRDA:8,1,1,8
BRDA:16,2,0,8
BRDA:16,2,1,0
BRDA:19,3,0,0
BRDA:19,3,1,8
BRF:8
BRH:6
end_of_record
TN:
SF:middleware\authMiddleware.js
FNF:0
FNH:0
DA:1,5
LF:1
LH:1
BRF:0
BRH:0
end_of_record
TN:
SF:models\Category.js
FN:3,(anonymous_0)
FNF:1
FNH:1
FNDA:5,(anonymous_0)
DA:1,5
DA:3,5
DA:4,5
DA:23,5
LF:4
LH:4
BRF:0
BRH:0
end_of_record
TN:
SF:models\Product.js
FN:3,(anonymous_0)
FN:79,(anonymous_1)
FNF:2
FNH:2
FNDA:5,(anonymous_0)
FNDA:2,(anonymous_1)
DA:1,5
DA:3,5
DA:4,5
DA:80,2
DA:81,1
DA:91,5
LF:6
LH:6
BRDA:80,0,0,1
BRDA:80,0,1,1
BRDA:80,1,0,2
BRDA:80,1,1,2
BRF:4
BRH:4
end_of_record
TN:
SF:models\Tag.js
FN:3,(anonymous_0)
FNF:1
FNH:1
FNDA:5,(anonymous_0)
DA:1,5
DA:3,5
DA:4,5
DA:20,5
LF:4
LH:4
BRF:0
BRH:0
end_of_record
TN:
SF:models\User.js
FN:4,(anonymous_0)
FN:9,(anonymous_1)
FN:14,(anonymous_2)
FN:54,(anonymous_3)
FN:63,(anonymous_4)
FN:66,(anonymous_5)
FN:74,(anonymous_6)
FN:78,(anonymous_7)
FNF:8
FNH:6
FNDA:5,(anonymous_0)
FNDA:1,(anonymous_1)
FNDA:6,(anonymous_2)
FNDA:5,(anonymous_3)
FNDA:5,(anonymous_4)
FNDA:0,(anonymous_5)
FNDA:0,(anonymous_6)
FNDA:2,(anonymous_7)
DA:1,5
DA:2,5
DA:4,5
DA:5,5
DA:11,1
DA:12,1
DA:15,6
DA:57,5
DA:58,5
DA:59,0
DA:64,5
DA:67,0
DA:68,0
DA:74,5
DA:75,0
DA:78,5
DA:79,2
DA:80,2
DA:81,2
DA:84,5
LF:20
LH:16
BRDA:57,0,0,5
BRDA:57,0,1,5
BRDA:57,0,2,5
BRDA:57,0,3,4
BRDA:58,1,0,0
BRDA:58,1,1,5
BRDA:58,2,0,5
BRDA:58,2,1,5
BRDA:67,3,0,0
BRDA:67,3,1,0
BRF:10
BRH:7
end_of_record
TN:
SF:models\index.js
FNF:0
FNH:0
DA:1,5
DA:2,5
DA:5,5
DA:7,5
DA:8,5
DA:10,0
DA:11,0
DA:18,5
DA:19,5
DA:20,5
DA:23,5
DA:24,5
DA:25,5
DA:26,5
DA:29,5
DA:33,5
DA:38,5
DA:44,5
DA:51,5
LF:19
LH:17
BRDA:5,0,0,5
BRDA:5,0,1,0
BRDA:7,1,0,5
BRDA:7,1,1,0
BRDA:7,2,0,5
BRDA:7,2,1,5
BRF:6
BRH:4
end_of_record
TN:
SF:models\init.js
FN:4,initializeDatabase
FN:55,(anonymous_1)
FN:59,(anonymous_2)
FNF:3
FNH:0
FNDA:0,initializeDatabase
FNDA:0,(anonymous_1)
FNDA:0,(anonymous_2)
DA:1,0
DA:2,0
DA:5,0
DA:6,0
DA:7,0
DA:11,0
DA:13,0
DA:14,0
DA:18,0
DA:23,0
DA:24,0
DA:28,0
DA:29,0
DA:30,0
DA:31,0
DA:32,0
DA:39,0
DA:42,0
DA:47,0
DA:48,0
DA:53,0
DA:54,0
DA:56,0
DA:57,0
DA:60,0
DA:61,0
DA:65,0
LF:27
LH:0
BRDA:6,0,0,0
BRDA:6,0,1,0
BRDA:13,1,0,0
BRDA:13,1,1,0
BRDA:23,2,0,0
BRDA:23,2,1,0
BRDA:28,3,0,0
BRDA:28,3,1,0
BRDA:31,4,0,0
BRDA:31,4,1,0
BRDA:53,5,0,0
BRDA:53,5,1,0
BRF:12
BRH:0
end_of_record
TN:
SF:repositories\ProductRepository.js
FN:5,(anonymous_0)
FN:14,(anonymous_1)
FN:23,(anonymous_2)
FN:33,(anonymous_3)
FN:43,(anonymous_4)
FN:56,(anonymous_5)
FN:64,(anonymous_6)
FNF:7
FNH:3
FNDA:0,(anonymous_0)
FNDA:3,(anonymous_1)
FNDA:0,(anonymous_2)
FNDA:1,(anonymous_3)
FNDA:0,(anonymous_4)
FNDA:0,(anonymous_5)
FNDA:8,(anonymous_6)
DA:1,5
DA:2,5
DA:6,0
DA:15,3
DA:24,0
DA:34,1
DA:36,1
DA:37,0
DA:40,1
DA:44,0
DA:45,0
DA:47,0
DA:49,0
DA:50,0
DA:53,0
DA:57,0
DA:58,0
DA:60,0
DA:61,0
DA:65,8
DA:68,8
DA:69,8
DA:70,8
DA:71,8
DA:72,8
DA:73,8
DA:74,8
DA:75,8
DA:77,8
DA:78,8
DA:79,8
DA:80,8
DA:82,8
DA:86,5
LF:34
LH:21
BRDA:36,0,0,0
BRDA:36,0,1,1
BRDA:36,1,0,1
BRDA:36,1,1,0
BRDA:45,2,0,0
BRDA:45,2,1,0
BRDA:49,3,0,0
BRDA:49,3,1,0
BRDA:58,4,0,0
BRDA:58,4,1,0
BRDA:68,5,0,0
BRDA:68,5,1,8
BRDA:69,6,0,0
BRDA:69,6,1,8
BRDA:70,7,0,0
BRDA:70,7,1,8
BRDA:71,8,0,1
BRDA:71,8,1,7
BRDA:71,9,0,8
BRDA:71,9,1,7
BRDA:72,10,0,1
BRDA:72,10,1,7
BRDA:73,11,0,1
BRDA:73,11,1,7
BRDA:74,12,0,1
BRDA:74,12,1,7
BRDA:75,13,0,1
BRDA:75,13,1,7
BRDA:77,14,0,1
BRDA:77,14,1,7
BRDA:77,15,0,1
BRDA:77,15,1,1
BRDA:78,16,0,0
BRDA:78,16,1,8
BRDA:78,17,0,0
BRDA:78,17,1,0
BRDA:79,18,0,0
BRDA:79,18,1,8
BRDA:79,19,0,0
BRDA:79,19,1,0
BRDA:80,20,0,0
BRDA:80,20,1,8
BRDA:80,21,0,0
BRDA:80,21,1,0
BRF:44
BRH:24
end_of_record
TN:
SF:routes\auth.js
FNF:0
FNH:0
DA:1,5
DA:2,5
DA:3,5
DA:5,5
DA:6,5
DA:8,5
LF:6
LH:6
BRF:0
BRH:0
end_of_record
TN:
SF:routes\categories.js
FNF:0
FNH:0
DA:1,5
DA:2,5
DA:3,5
DA:4,5
DA:7,5
DA:9,5
DA:10,5
DA:11,5
DA:12,5
DA:13,5
DA:15,5
LF:11
LH:11
BRF:0
BRH:0
end_of_record
TN:
SF:routes\index.js
FN:5,(anonymous_0)
FNF:1
FNH:0
FNDA:0,(anonymous_0)
DA:1,0
DA:2,0
DA:5,0
DA:6,0
DA:9,0
LF:5
LH:0
BRF:0
BRH:0
end_of_record
TN:
SF:routes\products.js
FNF:0
FNH:0
DA:1,5
DA:2,5
DA:3,5
DA:4,5
DA:7,5
DA:8,5
DA:11,5
DA:12,5
DA:13,5
DA:14,5
DA:15,5
DA:16,5
DA:18,5
LF:13
LH:13
BRF:0
BRH:0
end_of_record
TN:
SF:routes\tags.js
FNF:0
FNH:0
DA:1,5
DA:2,5
DA:3,5
DA:4,5
DA:7,5
DA:9,5
DA:10,5
DA:11,5
DA:12,5
DA:13,5
DA:15,5
LF:11
LH:11
BRF:0
BRH:0
end_of_record
TN:
SF:routes\users.js
FNF:0
FNH:0
DA:1,5
DA:2,5
DA:3,5
DA:4,5
DA:7,5
DA:10,5
DA:11,5
DA:12,5
DA:13,5
DA:14,5
DA:16,5
LF:11
LH:11
BRF:0
BRH:0
end_of_record
TN:
SF:scripts\runSeed.js
FN:5,(anonymous_0)
FNF:1
FNH:0
FNDA:0,(anonymous_0)
DA:2,0
DA:3,0
DA:5,0
DA:6,0
DA:7,0
DA:8,0
DA:10,0
DA:11,0
DA:13,0
DA:14,0
DA:18,0
LF:11
LH:0
BRF:0
BRH:0
end_of_record
TN:
SF:scripts\seedData.js
FN:4,(anonymous_0)
FNF:1
FNH:0
FNDA:0,(anonymous_0)
DA:2,0
DA:4,0
DA:5,0
DA:7,0
DA:27,0
DA:41,0
DA:203,0
DA:204,0
DA:207,0
DA:212,0
DA:217,0
DA:218,0
DA:221,0
DA:224,0
DA:226,0
DA:230,0
LF:16
LH:0
BRDA:217,0,0,0
BRDA:217,0,1,0
BRDA:217,1,0,0
BRDA:217,1,1,0
BRF:4
BRH:0
end_of_record
TN:
SF:services\ProductQueryBuilder.js
FN:5,(anonymous_0)
FN:25,(anonymous_1)
FN:29,(anonymous_2)
FN:36,(anonymous_3)
FN:48,(anonymous_4)
FN:56,(anonymous_5)
FN:65,(anonymous_6)
FN:75,(anonymous_7)
FN:84,(anonymous_8)
FN:93,(anonymous_9)
FN:102,(anonymous_10)
FN:111,(anonymous_11)
FN:115,(anonymous_12)
FN:137,(anonymous_13)
FN:144,(anonymous_14)
FN:151,(anonymous_15)
FN:158,(anonymous_16)
FN:165,(anonymous_17)
FN:172,(anonymous_18)
FN:180,(anonymous_19)
FN:184,(anonymous_20)
FNF:21
FNH:11
FNDA:8,(anonymous_0)
FNDA:1,(anonymous_1)
FNDA:0,(anonymous_2)
FNDA:0,(anonymous_3)
FNDA:0,(anonymous_4)
FNDA:1,(anonymous_5)
FNDA:1,(anonymous_6)
FNDA:1,(anonymous_7)
FNDA:0,(anonymous_8)
FNDA:0,(anonymous_9)
FNDA:0,(anonymous_10)
FNDA:8,(anonymous_11)
FNDA:8,(anonymous_12)
FNDA:1,(anonymous_13)
FNDA:1,(anonymous_14)
FNDA:0,(anonymous_15)
FNDA:0,(anonymous_16)
FNDA:0,(anonymous_17)
FNDA:0,(anonymous_18)
FNDA:1,(anonymous_19)
FNDA:1,(anonymous_20)
DA:1,5
DA:2,5
DA:6,8
DA:26,1
DA:30,0
DA:31,0
DA:32,0
DA:33,0
DA:37,0
DA:38,0
DA:45,0
DA:49,0
DA:50,0
DA:51,0
DA:53,0
DA:57,1
DA:58,1
DA:59,1
DA:60,1
DA:62,1
DA:66,1
DA:67,1
DA:72,1
DA:76,1
DA:77,1
DA:78,0
DA:81,1
DA:85,0
DA:86,0
DA:87,0
DA:90,0
DA:94,0
DA:95,0
DA:96,0
DA:99,0
DA:103,0
DA:104,0
DA:105,0
DA:108,0
DA:112,8
DA:116,8
DA:117,8
DA:118,8
DA:120,8
DA:121,8
DA:122,8
DA:124,8
DA:138,1
DA:139,1
DA:141,1
DA:145,1
DA:146,1
DA:148,1
DA:152,0
DA:153,0
DA:155,0
DA:159,0
DA:160,0
DA:162,0
DA:166,0
DA:167,0
DA:169,0
DA:173,0
DA:174,0
DA:176,0
DA:181,1
DA:185,1
DA:186,1
DA:188,1
DA:192,5
LF:70
LH:34
BRDA:26,0,0,1
BRDA:26,0,1,1
BRDA:26,0,2,1
BRDA:29,1,0,0
BRDA:29,2,0,0
BRDA:37,3,0,0
BRDA:37,3,1,0
BRDA:49,4,0,0
BRDA:49,4,1,0
BRDA:50,5,0,0
BRDA:50,5,1,0
BRDA:57,6,0,1
BRDA:57,6,1,0
BRDA:57,7,0,1
BRDA:57,7,1,0
BRDA:59,8,0,1
BRDA:59,8,1,0
BRDA:60,9,0,1
BRDA:60,9,1,0
BRDA:66,10,0,1
BRDA:66,10,1,0
BRDA:76,11,0,1
BRDA:76,11,1,0
BRDA:77,12,0,0
BRDA:77,12,1,1
BRDA:85,13,0,0
BRDA:85,13,1,0
BRDA:86,14,0,0
BRDA:86,14,1,0
BRDA:94,15,0,0
BRDA:94,15,1,0
BRDA:95,16,0,0
BRDA:95,16,1,0
BRDA:103,17,0,0
BRDA:103,17,1,0
BRDA:104,18,0,0
BRDA:104,18,1,0
BRDA:117,19,0,8
BRDA:117,19,1,0
BRDA:118,20,0,8
BRDA:118,20,1,0
BRDA:118,21,0,0
BRDA:118,21,1,0
BRDA:118,22,0,0
BRDA:118,22,1,0
BRDA:120,23,0,8
BRDA:120,23,1,8
BRDA:121,24,0,8
BRDA:121,24,1,8
BRDA:138,25,0,1
BRDA:138,25,1,0
BRDA:145,26,0,1
BRDA:145,26,1,0
BRDA:152,27,0,0
BRDA:152,27,1,0
BRDA:159,28,0,0
BRDA:159,28,1,0
BRDA:166,29,0,0
BRDA:166,29,1,0
BRDA:173,30,0,0
BRDA:173,30,1,0
BRDA:185,31,0,1
BRDA:185,31,1,0
BRF:63
BRH:19
end_of_record
TN:
SF:services\authService.js
FN:5,(anonymous_0)
FN:13,(anonymous_1)
FN:17,(anonymous_2)
FN:31,(anonymous_3)
FNF:4
FNH:1
FNDA:1,(anonymous_0)
FNDA:0,(anonymous_1)
FNDA:0,(anonymous_2)
FNDA:0,(anonymous_3)
DA:1,1
DA:2,1
DA:6,1
DA:14,0
DA:18,0
DA:19,0
DA:21,0
DA:22,0
DA:32,0
DA:33,0
DA:34,0
DA:37,0
DA:38,0
DA:39,0
DA:42,0
DA:44,0
DA:54,1
LF:17
LH:4
BRDA:8,0,0,1
BRDA:8,0,1,0
BRDA:14,1,0,0
BRDA:14,1,1,0
BRDA:33,2,0,0
BRDA:33,2,1,0
BRDA:38,3,0,0
BRDA:38,3,1,0
BRF:8
BRH:1
end_of_record
TN:
SF:services\userService.js
FN:4,(anonymous_0)
FN:8,(anonymous_1)
FN:16,(anonymous_2)
FN:32,(anonymous_3)
FN:46,(anonymous_4)
FNF:5
FNH:1
FNDA:0,(anonymous_0)
FNDA:0,(anonymous_1)
FNDA:1,(anonymous_2)
FNDA:0,(anonymous_3)
FNDA:0,(anonymous_4)
DA:1,1
DA:5,0
DA:9,0
DA:10,0
DA:11,0
DA:13,0
DA:18,1
DA:19,1
DA:20,0
DA:24,1
DA:25,1
DA:26,0
DA:29,1
DA:33,0
DA:36,0
DA:37,0
DA:38,0
DA:39,0
DA:43,0
DA:47,0
DA:48,0
DA:49,0
DA:53,1
LF:23
LH:7
BRDA:10,0,0,0
BRDA:10,0,1,0
BRDA:19,1,0,0
BRDA:19,1,1,1
BRDA:25,2,0,0
BRDA:25,2,1,1
BRDA:36,3,0,0
BRDA:36,3,1,0
BRDA:36,4,0,0
BRDA:36,4,1,0
BRDA:38,5,0,0
BRDA:38,5,1,0
BRF:12
BRH:2
end_of_record
